I, [2017-01-05T19:33:40.146873 #95087]  INFO -- : Started GET "/" for ::1 at 2017-01-05 19:33:40 +0800
I, [2017-01-05T19:33:40.946120 #95087]  INFO -- : Processing by HomeController#index as HTML
I, [2017-01-05T19:33:40.961107 #95087]  INFO -- : Completed 401 Unauthorized in 15ms (ActiveRecord: 0.0ms)
I, [2017-01-05T19:33:41.564166 #95087]  INFO -- : Started GET "/users/login" for ::1 at 2017-01-05 19:33:41 +0800
I, [2017-01-05T19:33:41.603588 #95087]  INFO -- : Processing by Devise::SessionsController#new as HTML
I, [2017-01-05T19:33:41.636247 #95087]  INFO -- : Completed 500 Internal Server Error in 32ms (ActiveRecord: 22.8ms)
F, [2017-01-05T19:33:41.637780 #95087] FATAL -- : 
ActiveRecord::StatementInvalid (PG::UndefinedTable: ERROR:  relation "users" does not exist
LINE 5:                WHERE a.attrelid = '"users"'::regclass
                                          ^
:               SELECT a.attname, format_type(a.atttypid, a.atttypmod),
                     pg_get_expr(d.adbin, d.adrelid), a.attnotnull, a.atttypid, a.atttypmod
                FROM pg_attribute a LEFT JOIN pg_attrdef d
                  ON a.attrelid = d.adrelid AND a.attnum = d.adnum
               WHERE a.attrelid = '"users"'::regclass
                 AND a.attnum > 0 AND NOT a.attisdropped
               ORDER BY a.attnum
):
  activerecord (4.2.5) lib/active_record/connection_adapters/postgresql_adapter.rb:592:in `async_exec'
  activerecord (4.2.5) lib/active_record/connection_adapters/postgresql_adapter.rb:592:in `block in exec_no_cache'
  activerecord (4.2.5) lib/active_record/connection_adapters/abstract_adapter.rb:472:in `block in log'
  activesupport (4.2.5) lib/active_support/notifications/instrumenter.rb:20:in `instrument'
  activerecord (4.2.5) lib/active_record/connection_adapters/abstract_adapter.rb:466:in `log'
  activerecord (4.2.5) lib/active_record/connection_adapters/postgresql_adapter.rb:592:in `exec_no_cache'
  activerecord (4.2.5) lib/active_record/connection_adapters/postgresql_adapter.rb:584:in `execute_and_clear'
  activerecord (4.2.5) lib/active_record/connection_adapters/postgresql/database_statements.rb:160:in `exec_query'
  activerecord (4.2.5) lib/active_record/connection_adapters/postgresql_adapter.rb:733:in `column_definitions'
  activerecord (4.2.5) lib/active_record/connection_adapters/postgresql/schema_statements.rb:186:in `columns'
  activerecord (4.2.5) lib/active_record/connection_adapters/schema_cache.rb:43:in `columns'
  activerecord (4.2.5) lib/active_record/attributes.rb:93:in `columns'
  activerecord (4.2.5) lib/active_record/attributes.rb:98:in `columns_hash'
  activerecord (4.2.5) lib/active_record/inheritance.rb:205:in `subclass_from_attributes?'
  activerecord (4.2.5) lib/active_record/inheritance.rb:54:in `new'
  devise (4.0.0) app/controllers/devise/sessions_controller.rb:9:in `new'
  actionpack (4.2.5) lib/action_controller/metal/implicit_render.rb:4:in `send_action'
  actionpack (4.2.5) lib/abstract_controller/base.rb:198:in `process_action'
  actionpack (4.2.5) lib/action_controller/metal/rendering.rb:10:in `process_action'
  actionpack (4.2.5) lib/abstract_controller/callbacks.rb:20:in `block in process_action'
  activesupport (4.2.5) lib/active_support/callbacks.rb:117:in `call'
  activesupport (4.2.5) lib/active_support/callbacks.rb:555:in `block (2 levels) in compile'
  activesupport (4.2.5) lib/active_support/callbacks.rb:505:in `call'
  activesupport (4.2.5) lib/active_support/callbacks.rb:92:in `__run_callbacks__'
  activesupport (4.2.5) lib/active_support/callbacks.rb:778:in `_run_process_action_callbacks'
  activesupport (4.2.5) lib/active_support/callbacks.rb:81:in `run_callbacks'
  actionpack (4.2.5) lib/abstract_controller/callbacks.rb:19:in `process_action'
  actionpack (4.2.5) lib/action_controller/metal/rescue.rb:29:in `process_action'
  actionpack (4.2.5) lib/action_controller/metal/instrumentation.rb:32:in `block in process_action'
  activesupport (4.2.5) lib/active_support/notifications.rb:164:in `block in instrument'
  activesupport (4.2.5) lib/active_support/notifications/instrumenter.rb:20:in `instrument'
  activesupport (4.2.5) lib/active_support/notifications.rb:164:in `instrument'
  actionpack (4.2.5) lib/action_controller/metal/instrumentation.rb:30:in `process_action'
  actionpack (4.2.5) lib/action_controller/metal/params_wrapper.rb:250:in `process_action'
  activerecord (4.2.5) lib/active_record/railties/controller_runtime.rb:18:in `process_action'
  actionpack (4.2.5) lib/abstract_controller/base.rb:137:in `process'
  actionview (4.2.5) lib/action_view/rendering.rb:30:in `process'
  actionpack (4.2.5) lib/action_controller/metal.rb:196:in `dispatch'
  actionpack (4.2.5) lib/action_controller/metal/rack_delegation.rb:13:in `dispatch'
  actionpack (4.2.5) lib/action_controller/metal.rb:237:in `block in action'
  actionpack (4.2.5) lib/action_dispatch/routing/route_set.rb:76:in `dispatch'
  actionpack (4.2.5) lib/action_dispatch/routing/route_set.rb:45:in `serve'
  actionpack (4.2.5) lib/action_dispatch/routing/mapper.rb:49:in `serve'
  actionpack (4.2.5) lib/action_dispatch/journey/router.rb:43:in `block in serve'
  actionpack (4.2.5) lib/action_dispatch/journey/router.rb:30:in `each'
  actionpack (4.2.5) lib/action_dispatch/journey/router.rb:30:in `serve'
  actionpack (4.2.5) lib/action_dispatch/routing/route_set.rb:817:in `call'
  omniauth (1.3.1) lib/omniauth/strategy.rb:186:in `call!'
  omniauth (1.3.1) lib/omniauth/strategy.rb:164:in `call'
  omniauth (1.3.1) lib/omniauth/strategy.rb:186:in `call!'
  omniauth (1.3.1) lib/omniauth/strategy.rb:164:in `call'
  omniauth (1.3.1) lib/omniauth/strategy.rb:186:in `call!'
  omniauth (1.3.1) lib/omniauth/strategy.rb:164:in `call'
  warden (1.2.6) lib/warden/manager.rb:35:in `block in call'
  warden (1.2.6) lib/warden/manager.rb:34:in `catch'
  warden (1.2.6) lib/warden/manager.rb:34:in `call'
  rack (1.6.4) lib/rack/etag.rb:24:in `call'
  rack (1.6.4) lib/rack/conditionalget.rb:25:in `call'
  rack (1.6.4) lib/rack/head.rb:13:in `call'
  actionpack (4.2.5) lib/action_dispatch/middleware/params_parser.rb:27:in `call'
  actionpack (4.2.5) lib/action_dispatch/middleware/flash.rb:260:in `call'
  rack (1.6.4) lib/rack/session/abstract/id.rb:225:in `context'
  rack (1.6.4) lib/rack/session/abstract/id.rb:220:in `call'
  actionpack (4.2.5) lib/action_dispatch/middleware/cookies.rb:560:in `call'
  activerecord (4.2.5) lib/active_record/query_cache.rb:36:in `call'
  activerecord (4.2.5) lib/active_record/connection_adapters/abstract/connection_pool.rb:653:in `call'
  actionpack (4.2.5) lib/action_dispatch/middleware/callbacks.rb:29:in `block in call'
  activesupport (4.2.5) lib/active_support/callbacks.rb:88:in `__run_callbacks__'
  activesupport (4.2.5) lib/active_support/callbacks.rb:778:in `_run_call_callbacks'
  activesupport (4.2.5) lib/active_support/callbacks.rb:81:in `run_callbacks'
  actionpack (4.2.5) lib/action_dispatch/middleware/callbacks.rb:27:in `call'
  actionpack (4.2.5) lib/action_dispatch/middleware/remote_ip.rb:78:in `call'
  actionpack (4.2.5) lib/action_dispatch/middleware/debug_exceptions.rb:17:in `call'
  actionpack (4.2.5) lib/action_dispatch/middleware/show_exceptions.rb:30:in `call'
  railties (4.2.5) lib/rails/rack/logger.rb:38:in `call_app'
  railties (4.2.5) lib/rails/rack/logger.rb:20:in `block in call'
  activesupport (4.2.5) lib/active_support/tagged_logging.rb:68:in `block in tagged'
  activesupport (4.2.5) lib/active_support/tagged_logging.rb:26:in `tagged'
  activesupport (4.2.5) lib/active_support/tagged_logging.rb:68:in `tagged'
  railties (4.2.5) lib/rails/rack/logger.rb:20:in `call'
  actionpack (4.2.5) lib/action_dispatch/middleware/request_id.rb:21:in `call'
  rack (1.6.4) lib/rack/methodoverride.rb:22:in `call'
  rack (1.6.4) lib/rack/runtime.rb:18:in `call'
  activesupport (4.2.5) lib/active_support/cache/strategy/local_cache_middleware.rb:28:in `call'
  rack (1.6.4) lib/rack/sendfile.rb:113:in `call'
  railties (4.2.5) lib/rails/engine.rb:518:in `call'
  railties (4.2.5) lib/rails/application.rb:165:in `call'
  rack (1.6.4) lib/rack/content_length.rb:15:in `call'
  puma (3.4.0) lib/puma/configuration.rb:224:in `call'
  puma (3.4.0) lib/puma/server.rb:569:in `handle_request'
  puma (3.4.0) lib/puma/server.rb:406:in `process_client'
  puma (3.4.0) lib/puma/server.rb:271:in `block in run'
  puma (3.4.0) lib/puma/thread_pool.rb:114:in `block in spawn_thread'


I, [2017-01-05T19:33:43.883859 #95087]  INFO -- : Started GET "/" for ::1 at 2017-01-05 19:33:43 +0800
I, [2017-01-05T19:33:43.907483 #95087]  INFO -- : Processing by HomeController#index as HTML
I, [2017-01-05T19:33:43.908206 #95087]  INFO -- : Completed 401 Unauthorized in 1ms (ActiveRecord: 0.0ms)
I, [2017-01-05T19:33:43.918056 #95087]  INFO -- : Started GET "/users/login" for ::1 at 2017-01-05 19:33:43 +0800
I, [2017-01-05T19:33:43.942168 #95087]  INFO -- : Processing by Devise::SessionsController#new as HTML
I, [2017-01-05T19:33:43.965812 #95087]  INFO -- : Completed 500 Internal Server Error in 23ms (ActiveRecord: 22.3ms)
F, [2017-01-05T19:33:43.967950 #95087] FATAL -- : 
ActiveRecord::StatementInvalid (PG::UndefinedTable: ERROR:  relation "users" does not exist
LINE 5:                WHERE a.attrelid = '"users"'::regclass
                                          ^
:               SELECT a.attname, format_type(a.atttypid, a.atttypmod),
                     pg_get_expr(d.adbin, d.adrelid), a.attnotnull, a.atttypid, a.atttypmod
                FROM pg_attribute a LEFT JOIN pg_attrdef d
                  ON a.attrelid = d.adrelid AND a.attnum = d.adnum
               WHERE a.attrelid = '"users"'::regclass
                 AND a.attnum > 0 AND NOT a.attisdropped
               ORDER BY a.attnum
):
  activerecord (4.2.5) lib/active_record/connection_adapters/postgresql_adapter.rb:592:in `async_exec'
  activerecord (4.2.5) lib/active_record/connection_adapters/postgresql_adapter.rb:592:in `block in exec_no_cache'
  activerecord (4.2.5) lib/active_record/connection_adapters/abstract_adapter.rb:472:in `block in log'
  activesupport (4.2.5) lib/active_support/notifications/instrumenter.rb:20:in `instrument'
  activerecord (4.2.5) lib/active_record/connection_adapters/abstract_adapter.rb:466:in `log'
  activerecord (4.2.5) lib/active_record/connection_adapters/postgresql_adapter.rb:592:in `exec_no_cache'
  activerecord (4.2.5) lib/active_record/connection_adapters/postgresql_adapter.rb:584:in `execute_and_clear'
  activerecord (4.2.5) lib/active_record/connection_adapters/postgresql/database_statements.rb:160:in `exec_query'
  activerecord (4.2.5) lib/active_record/connection_adapters/postgresql_adapter.rb:733:in `column_definitions'
  activerecord (4.2.5) lib/active_record/connection_adapters/postgresql/schema_statements.rb:186:in `columns'
  activerecord (4.2.5) lib/active_record/connection_adapters/schema_cache.rb:43:in `columns'
  activerecord (4.2.5) lib/active_record/attributes.rb:93:in `columns'
  activerecord (4.2.5) lib/active_record/attributes.rb:98:in `columns_hash'
  activerecord (4.2.5) lib/active_record/inheritance.rb:205:in `subclass_from_attributes?'
  activerecord (4.2.5) lib/active_record/inheritance.rb:54:in `new'
  devise (4.0.0) app/controllers/devise/sessions_controller.rb:9:in `new'
  actionpack (4.2.5) lib/action_controller/metal/implicit_render.rb:4:in `send_action'
  actionpack (4.2.5) lib/abstract_controller/base.rb:198:in `process_action'
  actionpack (4.2.5) lib/action_controller/metal/rendering.rb:10:in `process_action'
  actionpack (4.2.5) lib/abstract_controller/callbacks.rb:20:in `block in process_action'
  activesupport (4.2.5) lib/active_support/callbacks.rb:117:in `call'
  activesupport (4.2.5) lib/active_support/callbacks.rb:555:in `block (2 levels) in compile'
  activesupport (4.2.5) lib/active_support/callbacks.rb:505:in `call'
  activesupport (4.2.5) lib/active_support/callbacks.rb:92:in `__run_callbacks__'
  activesupport (4.2.5) lib/active_support/callbacks.rb:778:in `_run_process_action_callbacks'
  activesupport (4.2.5) lib/active_support/callbacks.rb:81:in `run_callbacks'
  actionpack (4.2.5) lib/abstract_controller/callbacks.rb:19:in `process_action'
  actionpack (4.2.5) lib/action_controller/metal/rescue.rb:29:in `process_action'
  actionpack (4.2.5) lib/action_controller/metal/instrumentation.rb:32:in `block in process_action'
  activesupport (4.2.5) lib/active_support/notifications.rb:164:in `block in instrument'
  activesupport (4.2.5) lib/active_support/notifications/instrumenter.rb:20:in `instrument'
  activesupport (4.2.5) lib/active_support/notifications.rb:164:in `instrument'
  actionpack (4.2.5) lib/action_controller/metal/instrumentation.rb:30:in `process_action'
  actionpack (4.2.5) lib/action_controller/metal/params_wrapper.rb:250:in `process_action'
  activerecord (4.2.5) lib/active_record/railties/controller_runtime.rb:18:in `process_action'
  actionpack (4.2.5) lib/abstract_controller/base.rb:137:in `process'
  actionview (4.2.5) lib/action_view/rendering.rb:30:in `process'
  actionpack (4.2.5) lib/action_controller/metal.rb:196:in `dispatch'
  actionpack (4.2.5) lib/action_controller/metal/rack_delegation.rb:13:in `dispatch'
  actionpack (4.2.5) lib/action_controller/metal.rb:237:in `block in action'
  actionpack (4.2.5) lib/action_dispatch/routing/route_set.rb:76:in `dispatch'
  actionpack (4.2.5) lib/action_dispatch/routing/route_set.rb:45:in `serve'
  actionpack (4.2.5) lib/action_dispatch/routing/mapper.rb:49:in `serve'
  actionpack (4.2.5) lib/action_dispatch/journey/router.rb:43:in `block in serve'
  actionpack (4.2.5) lib/action_dispatch/journey/router.rb:30:in `each'
  actionpack (4.2.5) lib/action_dispatch/journey/router.rb:30:in `serve'
  actionpack (4.2.5) lib/action_dispatch/routing/route_set.rb:817:in `call'
  omniauth (1.3.1) lib/omniauth/strategy.rb:186:in `call!'
  omniauth (1.3.1) lib/omniauth/strategy.rb:164:in `call'
  omniauth (1.3.1) lib/omniauth/strategy.rb:186:in `call!'
  omniauth (1.3.1) lib/omniauth/strategy.rb:164:in `call'
  omniauth (1.3.1) lib/omniauth/strategy.rb:186:in `call!'
  omniauth (1.3.1) lib/omniauth/strategy.rb:164:in `call'
  warden (1.2.6) lib/warden/manager.rb:35:in `block in call'
  warden (1.2.6) lib/warden/manager.rb:34:in `catch'
  warden (1.2.6) lib/warden/manager.rb:34:in `call'
  rack (1.6.4) lib/rack/etag.rb:24:in `call'
  rack (1.6.4) lib/rack/conditionalget.rb:25:in `call'
  rack (1.6.4) lib/rack/head.rb:13:in `call'
  actionpack (4.2.5) lib/action_dispatch/middleware/params_parser.rb:27:in `call'
  actionpack (4.2.5) lib/action_dispatch/middleware/flash.rb:260:in `call'
  rack (1.6.4) lib/rack/session/abstract/id.rb:225:in `context'
  rack (1.6.4) lib/rack/session/abstract/id.rb:220:in `call'
  actionpack (4.2.5) lib/action_dispatch/middleware/cookies.rb:560:in `call'
  activerecord (4.2.5) lib/active_record/query_cache.rb:36:in `call'
  activerecord (4.2.5) lib/active_record/connection_adapters/abstract/connection_pool.rb:653:in `call'
  actionpack (4.2.5) lib/action_dispatch/middleware/callbacks.rb:29:in `block in call'
  activesupport (4.2.5) lib/active_support/callbacks.rb:88:in `__run_callbacks__'
  activesupport (4.2.5) lib/active_support/callbacks.rb:778:in `_run_call_callbacks'
  activesupport (4.2.5) lib/active_support/callbacks.rb:81:in `run_callbacks'
  actionpack (4.2.5) lib/action_dispatch/middleware/callbacks.rb:27:in `call'
  actionpack (4.2.5) lib/action_dispatch/middleware/remote_ip.rb:78:in `call'
  actionpack (4.2.5) lib/action_dispatch/middleware/debug_exceptions.rb:17:in `call'
  actionpack (4.2.5) lib/action_dispatch/middleware/show_exceptions.rb:30:in `call'
  railties (4.2.5) lib/rails/rack/logger.rb:38:in `call_app'
  railties (4.2.5) lib/rails/rack/logger.rb:20:in `block in call'
  activesupport (4.2.5) lib/active_support/tagged_logging.rb:68:in `block in tagged'
  activesupport (4.2.5) lib/active_support/tagged_logging.rb:26:in `tagged'
  activesupport (4.2.5) lib/active_support/tagged_logging.rb:68:in `tagged'
  railties (4.2.5) lib/rails/rack/logger.rb:20:in `call'
  actionpack (4.2.5) lib/action_dispatch/middleware/request_id.rb:21:in `call'
  rack (1.6.4) lib/rack/methodoverride.rb:22:in `call'
  rack (1.6.4) lib/rack/runtime.rb:18:in `call'
  activesupport (4.2.5) lib/active_support/cache/strategy/local_cache_middleware.rb:28:in `call'
  rack (1.6.4) lib/rack/sendfile.rb:113:in `call'
  railties (4.2.5) lib/rails/engine.rb:518:in `call'
  railties (4.2.5) lib/rails/application.rb:165:in `call'
  rack (1.6.4) lib/rack/content_length.rb:15:in `call'
  puma (3.4.0) lib/puma/configuration.rb:224:in `call'
  puma (3.4.0) lib/puma/server.rb:569:in `handle_request'
  puma (3.4.0) lib/puma/server.rb:406:in `process_client'
  puma (3.4.0) lib/puma/server.rb:271:in `block in run'
  puma (3.4.0) lib/puma/thread_pool.rb:114:in `block in spawn_thread'


I, [2017-01-05T19:33:47.921071 #95087]  INFO -- : Started GET "/users/login" for ::1 at 2017-01-05 19:33:47 +0800
I, [2017-01-05T19:33:48.141873 #95087]  INFO -- : Processing by Devise::SessionsController#new as HTML
I, [2017-01-05T19:33:48.164837 #95087]  INFO -- : Completed 500 Internal Server Error in 23ms (ActiveRecord: 21.7ms)
F, [2017-01-05T19:33:48.167852 #95087] FATAL -- : 
ActiveRecord::StatementInvalid (PG::UndefinedTable: ERROR:  relation "users" does not exist
LINE 5:                WHERE a.attrelid = '"users"'::regclass
                                          ^
:               SELECT a.attname, format_type(a.atttypid, a.atttypmod),
                     pg_get_expr(d.adbin, d.adrelid), a.attnotnull, a.atttypid, a.atttypmod
                FROM pg_attribute a LEFT JOIN pg_attrdef d
                  ON a.attrelid = d.adrelid AND a.attnum = d.adnum
               WHERE a.attrelid = '"users"'::regclass
                 AND a.attnum > 0 AND NOT a.attisdropped
               ORDER BY a.attnum
):
  activerecord (4.2.5) lib/active_record/connection_adapters/postgresql_adapter.rb:592:in `async_exec'
  activerecord (4.2.5) lib/active_record/connection_adapters/postgresql_adapter.rb:592:in `block in exec_no_cache'
  activerecord (4.2.5) lib/active_record/connection_adapters/abstract_adapter.rb:472:in `block in log'
  activesupport (4.2.5) lib/active_support/notifications/instrumenter.rb:20:in `instrument'
  activerecord (4.2.5) lib/active_record/connection_adapters/abstract_adapter.rb:466:in `log'
  activerecord (4.2.5) lib/active_record/connection_adapters/postgresql_adapter.rb:592:in `exec_no_cache'
  activerecord (4.2.5) lib/active_record/connection_adapters/postgresql_adapter.rb:584:in `execute_and_clear'
  activerecord (4.2.5) lib/active_record/connection_adapters/postgresql/database_statements.rb:160:in `exec_query'
  activerecord (4.2.5) lib/active_record/connection_adapters/postgresql_adapter.rb:733:in `column_definitions'
  activerecord (4.2.5) lib/active_record/connection_adapters/postgresql/schema_statements.rb:186:in `columns'
  activerecord (4.2.5) lib/active_record/connection_adapters/schema_cache.rb:43:in `columns'
  activerecord (4.2.5) lib/active_record/attributes.rb:93:in `columns'
  activerecord (4.2.5) lib/active_record/attributes.rb:98:in `columns_hash'
  activerecord (4.2.5) lib/active_record/inheritance.rb:205:in `subclass_from_attributes?'
  activerecord (4.2.5) lib/active_record/inheritance.rb:54:in `new'
  devise (4.0.0) app/controllers/devise/sessions_controller.rb:9:in `new'
  actionpack (4.2.5) lib/action_controller/metal/implicit_render.rb:4:in `send_action'
  actionpack (4.2.5) lib/abstract_controller/base.rb:198:in `process_action'
  actionpack (4.2.5) lib/action_controller/metal/rendering.rb:10:in `process_action'
  actionpack (4.2.5) lib/abstract_controller/callbacks.rb:20:in `block in process_action'
  activesupport (4.2.5) lib/active_support/callbacks.rb:117:in `call'
  activesupport (4.2.5) lib/active_support/callbacks.rb:555:in `block (2 levels) in compile'
  activesupport (4.2.5) lib/active_support/callbacks.rb:505:in `call'
  activesupport (4.2.5) lib/active_support/callbacks.rb:92:in `__run_callbacks__'
  activesupport (4.2.5) lib/active_support/callbacks.rb:778:in `_run_process_action_callbacks'
  activesupport (4.2.5) lib/active_support/callbacks.rb:81:in `run_callbacks'
  actionpack (4.2.5) lib/abstract_controller/callbacks.rb:19:in `process_action'
  actionpack (4.2.5) lib/action_controller/metal/rescue.rb:29:in `process_action'
  actionpack (4.2.5) lib/action_controller/metal/instrumentation.rb:32:in `block in process_action'
  activesupport (4.2.5) lib/active_support/notifications.rb:164:in `block in instrument'
  activesupport (4.2.5) lib/active_support/notifications/instrumenter.rb:20:in `instrument'
  activesupport (4.2.5) lib/active_support/notifications.rb:164:in `instrument'
  actionpack (4.2.5) lib/action_controller/metal/instrumentation.rb:30:in `process_action'
  actionpack (4.2.5) lib/action_controller/metal/params_wrapper.rb:250:in `process_action'
  activerecord (4.2.5) lib/active_record/railties/controller_runtime.rb:18:in `process_action'
  actionpack (4.2.5) lib/abstract_controller/base.rb:137:in `process'
  actionview (4.2.5) lib/action_view/rendering.rb:30:in `process'
  actionpack (4.2.5) lib/action_controller/metal.rb:196:in `dispatch'
  actionpack (4.2.5) lib/action_controller/metal/rack_delegation.rb:13:in `dispatch'
  actionpack (4.2.5) lib/action_controller/metal.rb:237:in `block in action'
  actionpack (4.2.5) lib/action_dispatch/routing/route_set.rb:76:in `dispatch'
  actionpack (4.2.5) lib/action_dispatch/routing/route_set.rb:45:in `serve'
  actionpack (4.2.5) lib/action_dispatch/routing/mapper.rb:49:in `serve'
  actionpack (4.2.5) lib/action_dispatch/journey/router.rb:43:in `block in serve'
  actionpack (4.2.5) lib/action_dispatch/journey/router.rb:30:in `each'
  actionpack (4.2.5) lib/action_dispatch/journey/router.rb:30:in `serve'
  actionpack (4.2.5) lib/action_dispatch/routing/route_set.rb:817:in `call'
  omniauth (1.3.1) lib/omniauth/strategy.rb:186:in `call!'
  omniauth (1.3.1) lib/omniauth/strategy.rb:164:in `call'
  omniauth (1.3.1) lib/omniauth/strategy.rb:186:in `call!'
  omniauth (1.3.1) lib/omniauth/strategy.rb:164:in `call'
  omniauth (1.3.1) lib/omniauth/strategy.rb:186:in `call!'
  omniauth (1.3.1) lib/omniauth/strategy.rb:164:in `call'
  warden (1.2.6) lib/warden/manager.rb:35:in `block in call'
  warden (1.2.6) lib/warden/manager.rb:34:in `catch'
  warden (1.2.6) lib/warden/manager.rb:34:in `call'
  rack (1.6.4) lib/rack/etag.rb:24:in `call'
  rack (1.6.4) lib/rack/conditionalget.rb:25:in `call'
  rack (1.6.4) lib/rack/head.rb:13:in `call'
  actionpack (4.2.5) lib/action_dispatch/middleware/params_parser.rb:27:in `call'
  actionpack (4.2.5) lib/action_dispatch/middleware/flash.rb:260:in `call'
  rack (1.6.4) lib/rack/session/abstract/id.rb:225:in `context'
  rack (1.6.4) lib/rack/session/abstract/id.rb:220:in `call'
  actionpack (4.2.5) lib/action_dispatch/middleware/cookies.rb:560:in `call'
  activerecord (4.2.5) lib/active_record/query_cache.rb:36:in `call'
  activerecord (4.2.5) lib/active_record/connection_adapters/abstract/connection_pool.rb:653:in `call'
  actionpack (4.2.5) lib/action_dispatch/middleware/callbacks.rb:29:in `block in call'
  activesupport (4.2.5) lib/active_support/callbacks.rb:88:in `__run_callbacks__'
  activesupport (4.2.5) lib/active_support/callbacks.rb:778:in `_run_call_callbacks'
  activesupport (4.2.5) lib/active_support/callbacks.rb:81:in `run_callbacks'
  actionpack (4.2.5) lib/action_dispatch/middleware/callbacks.rb:27:in `call'
  actionpack (4.2.5) lib/action_dispatch/middleware/remote_ip.rb:78:in `call'
  actionpack (4.2.5) lib/action_dispatch/middleware/debug_exceptions.rb:17:in `call'
  actionpack (4.2.5) lib/action_dispatch/middleware/show_exceptions.rb:30:in `call'
  railties (4.2.5) lib/rails/rack/logger.rb:38:in `call_app'
  railties (4.2.5) lib/rails/rack/logger.rb:20:in `block in call'
  activesupport (4.2.5) lib/active_support/tagged_logging.rb:68:in `block in tagged'
  activesupport (4.2.5) lib/active_support/tagged_logging.rb:26:in `tagged'
  activesupport (4.2.5) lib/active_support/tagged_logging.rb:68:in `tagged'
  railties (4.2.5) lib/rails/rack/logger.rb:20:in `call'
  actionpack (4.2.5) lib/action_dispatch/middleware/request_id.rb:21:in `call'
  rack (1.6.4) lib/rack/methodoverride.rb:22:in `call'
  rack (1.6.4) lib/rack/runtime.rb:18:in `call'
  activesupport (4.2.5) lib/active_support/cache/strategy/local_cache_middleware.rb:28:in `call'
  rack (1.6.4) lib/rack/sendfile.rb:113:in `call'
  railties (4.2.5) lib/rails/engine.rb:518:in `call'
  railties (4.2.5) lib/rails/application.rb:165:in `call'
  rack (1.6.4) lib/rack/content_length.rb:15:in `call'
  puma (3.4.0) lib/puma/configuration.rb:224:in `call'
  puma (3.4.0) lib/puma/server.rb:569:in `handle_request'
  puma (3.4.0) lib/puma/server.rb:406:in `process_client'
  puma (3.4.0) lib/puma/server.rb:271:in `block in run'
  puma (3.4.0) lib/puma/thread_pool.rb:114:in `block in spawn_thread'


D, [2017-01-05T19:34:25.276101 #95134] DEBUG -- :   [1m[36mActiveRecord::SchemaMigration Load (132.2ms)[0m  [1mSELECT "schema_migrations".* FROM "schema_migrations"[0m
I, [2017-01-05T19:34:25.308325 #95134]  INFO -- : Migrating to DeviseCreateUsers (20160423013201)
D, [2017-01-05T19:34:25.451535 #95134] DEBUG -- :   [1m[35m (142.3ms)[0m  BEGIN
D, [2017-01-05T19:34:25.938165 #95134] DEBUG -- :   [1m[36m (173.2ms)[0m  [1mCREATE TABLE "users" ("id" serial primary key, "email" character varying DEFAULT '' NOT NULL, "encrypted_password" character varying DEFAULT '' NOT NULL, "reset_password_token" character varying, "reset_password_sent_at" timestamp, "remember_created_at" timestamp, "sign_in_count" integer DEFAULT 0 NOT NULL, "current_sign_in_at" timestamp, "last_sign_in_at" timestamp, "current_sign_in_ip" inet, "last_sign_in_ip" inet, "created_at" timestamp NOT NULL, "updated_at" timestamp NOT NULL) [0m
D, [2017-01-05T19:34:26.011610 #95134] DEBUG -- :   [1m[35m (26.3ms)[0m  CREATE UNIQUE INDEX  "index_users_on_email" ON "users"  ("email")
D, [2017-01-05T19:34:26.084460 #95134] DEBUG -- :   [1m[36m (26.2ms)[0m  [1mCREATE UNIQUE INDEX  "index_users_on_reset_password_token" ON "users"  ("reset_password_token")[0m
D, [2017-01-05T19:34:26.207878 #95134] DEBUG -- :   [1m[35mSQL (22.9ms)[0m  INSERT INTO "schema_migrations" ("version") VALUES ($1) RETURNING "version"  [["version", "20160423013201"]]
D, [2017-01-05T19:34:26.231567 #95134] DEBUG -- :   [1m[36m (23.2ms)[0m  [1mCOMMIT[0m
I, [2017-01-05T19:34:26.231697 #95134]  INFO -- : Migrating to AddUsernameToUsers (20160423015217)
D, [2017-01-05T19:34:26.256093 #95134] DEBUG -- :   [1m[35m (22.6ms)[0m  BEGIN
D, [2017-01-05T19:34:26.301392 #95134] DEBUG -- :   [1m[36m (22.4ms)[0m  [1mALTER TABLE "users" ADD "username" character varying[0m
D, [2017-01-05T19:34:26.370241 #95134] DEBUG -- :   [1m[35mSQL (22.3ms)[0m  INSERT INTO "schema_migrations" ("version") VALUES ($1) RETURNING "version"  [["version", "20160423015217"]]
D, [2017-01-05T19:34:26.393645 #95134] DEBUG -- :   [1m[36m (23.0ms)[0m  [1mCOMMIT[0m
I, [2017-01-05T19:34:26.393870 #95134]  INFO -- : Migrating to AddOmniouthToUsers (20160423025031)
D, [2017-01-05T19:34:26.418195 #95134] DEBUG -- :   [1m[35m (22.1ms)[0m  BEGIN
D, [2017-01-05T19:34:26.463535 #95134] DEBUG -- :   [1m[36m (22.5ms)[0m  [1mALTER TABLE "users" ADD "provider" character varying[0m
D, [2017-01-05T19:34:26.486640 #95134] DEBUG -- :   [1m[35m (22.4ms)[0m  ALTER TABLE "users" ADD "uid" character varying
D, [2017-01-05T19:34:26.556526 #95134] DEBUG -- :   [1m[36mSQL (22.4ms)[0m  [1mINSERT INTO "schema_migrations" ("version") VALUES ($1) RETURNING "version"[0m  [["version", "20160423025031"]]
D, [2017-01-05T19:34:26.580342 #95134] DEBUG -- :   [1m[35m (23.3ms)[0m  COMMIT
I, [2017-01-05T19:34:26.580476 #95134]  INFO -- : Migrating to AddAdminToUsers (20160423062728)
D, [2017-01-05T19:34:26.604820 #95134] DEBUG -- :   [1m[36m (22.1ms)[0m  [1mBEGIN[0m
D, [2017-01-05T19:34:26.686844 #95134] DEBUG -- :   [1m[35m (36.6ms)[0m  ALTER TABLE "users" ADD "admin" boolean DEFAULT 'f'
D, [2017-01-05T19:34:26.758092 #95134] DEBUG -- :   [1m[36mSQL (22.3ms)[0m  [1mINSERT INTO "schema_migrations" ("version") VALUES ($1) RETURNING "version"[0m  [["version", "20160423062728"]]
D, [2017-01-05T19:34:26.782392 #95134] DEBUG -- :   [1m[35m (24.0ms)[0m  COMMIT
I, [2017-01-05T19:34:26.782487 #95134]  INFO -- : Migrating to AddActiveToUsers (20160423201333)
D, [2017-01-05T19:34:26.805217 #95134] DEBUG -- :   [1m[36m (22.0ms)[0m  [1mBEGIN[0m
D, [2017-01-05T19:34:26.887345 #95134] DEBUG -- :   [1m[35m (36.7ms)[0m  ALTER TABLE "users" ADD "active" boolean DEFAULT 't'
D, [2017-01-05T19:34:26.956541 #95134] DEBUG -- :   [1m[36mSQL (22.3ms)[0m  [1mINSERT INTO "schema_migrations" ("version") VALUES ($1) RETURNING "version"[0m  [["version", "20160423201333"]]
D, [2017-01-05T19:34:26.982263 #95134] DEBUG -- :   [1m[35m (25.3ms)[0m  COMMIT
I, [2017-01-05T19:34:26.982387 #95134]  INFO -- : Migrating to CreateUrlshorts (20160424011517)
D, [2017-01-05T19:34:27.006404 #95134] DEBUG -- :   [1m[36m (22.1ms)[0m  [1mBEGIN[0m
D, [2017-01-05T19:34:27.036966 #95134] DEBUG -- :   [1m[35m (28.8ms)[0m  CREATE TABLE "urlshorts" ("id" serial primary key, "originalurl" character varying, "encryptedurl" character varying, "ipaddress" inet, "user_id" integer, "created_at" timestamp NOT NULL, "updated_at" timestamp NOT NULL) 
D, [2017-01-05T19:34:27.108950 #95134] DEBUG -- :   [1m[36m (25.3ms)[0m  [1mCREATE  INDEX  "index_urlshorts_on_user_id" ON "urlshorts"  ("user_id")[0m
D, [2017-01-05T19:34:27.146469 #95134] DEBUG -- :   [1m[35m (32.8ms)[0m  ALTER TABLE "urlshorts" ADD CONSTRAINT "fk_rails_cdf79aab5d"
FOREIGN KEY ("user_id")
  REFERENCES "users" ("id")

D, [2017-01-05T19:34:27.193215 #95134] DEBUG -- :   [1m[36mSQL (22.2ms)[0m  [1mINSERT INTO "schema_migrations" ("version") VALUES ($1) RETURNING "version"[0m  [["version", "20160424011517"]]
D, [2017-01-05T19:34:27.217031 #95134] DEBUG -- :   [1m[35m (23.4ms)[0m  COMMIT
I, [2017-01-05T19:34:27.217173 #95134]  INFO -- : Migrating to RenameUrlShortColumnName (20160424020541)
D, [2017-01-05T19:34:27.241634 #95134] DEBUG -- :   [1m[36m (22.5ms)[0m  [1mBEGIN[0m
D, [2017-01-05T19:34:27.286746 #95134] DEBUG -- :   [1m[35m (22.3ms)[0m  ALTER TABLE "urlshorts" RENAME COLUMN "encryptedurl" TO "shorturl"
D, [2017-01-05T19:34:27.404124 #95134] DEBUG -- :   [1m[36mSQL (22.5ms)[0m  [1mINSERT INTO "schema_migrations" ("version") VALUES ($1) RETURNING "version"[0m  [["version", "20160424020541"]]
D, [2017-01-05T19:34:27.428412 #95134] DEBUG -- :   [1m[35m (23.9ms)[0m  COMMIT
I, [2017-01-05T19:34:27.428556 #95134]  INFO -- : Migrating to RenameIpaddressColumnDataType (20160426160907)
D, [2017-01-05T19:34:27.452823 #95134] DEBUG -- :   [1m[36m (22.1ms)[0m  [1mBEGIN[0m
D, [2017-01-05T19:34:27.512109 #95134] DEBUG -- :   [1m[35m (36.9ms)[0m  ALTER TABLE "urlshorts" ALTER COLUMN "ipaddress" TYPE cidr
D, [2017-01-05T19:34:27.580834 #95134] DEBUG -- :   [1m[36mSQL (22.1ms)[0m  [1mINSERT INTO "schema_migrations" ("version") VALUES ($1) RETURNING "version"[0m  [["version", "20160426160907"]]
D, [2017-01-05T19:34:27.604771 #95134] DEBUG -- :   [1m[35m (23.6ms)[0m  COMMIT
I, [2017-01-05T19:34:27.604846 #95134]  INFO -- : Migrating to CreateUrlviews (20160429015626)
D, [2017-01-05T19:34:27.627611 #95134] DEBUG -- :   [1m[36m (22.1ms)[0m  [1mBEGIN[0m
D, [2017-01-05T19:34:27.677722 #95134] DEBUG -- :   [1m[35m (25.8ms)[0m  CREATE TABLE "urlviews" ("id" serial primary key, "urlshort_id" integer, "count" integer DEFAULT 0, "created_at" timestamp NOT NULL, "updated_at" timestamp NOT NULL) 
D, [2017-01-05T19:34:27.748824 #95134] DEBUG -- :   [1m[36m (24.7ms)[0m  [1mCREATE  INDEX  "index_urlviews_on_urlshort_id" ON "urlviews"  ("urlshort_id")[0m
D, [2017-01-05T19:34:27.772650 #95134] DEBUG -- :   [1m[35m (22.8ms)[0m  ALTER TABLE "urlviews" ADD CONSTRAINT "fk_rails_0ecd977d73"
FOREIGN KEY ("urlshort_id")
  REFERENCES "urlshorts" ("id")

D, [2017-01-05T19:34:27.818437 #95134] DEBUG -- :   [1m[36mSQL (22.0ms)[0m  [1mINSERT INTO "schema_migrations" ("version") VALUES ($1) RETURNING "version"[0m  [["version", "20160429015626"]]
D, [2017-01-05T19:34:27.842396 #95134] DEBUG -- :   [1m[35m (23.2ms)[0m  COMMIT
I, [2017-01-05T19:34:27.842544 #95134]  INFO -- : Migrating to AddCustomerAddressTable (20160503230129)
D, [2017-01-05T19:34:27.865957 #95134] DEBUG -- :   [1m[36m (22.1ms)[0m  [1mBEGIN[0m
D, [2017-01-05T19:34:27.896190 #95134] DEBUG -- :   [1m[35m (28.5ms)[0m  CREATE TABLE "customers" ("id" serial primary key, "first_name" character varying NOT NULL, "last_name" character varying NOT NULL) 
D, [2017-01-05T19:34:27.924925 #95134] DEBUG -- :   [1m[36m (28.0ms)[0m  [1mCREATE TABLE "addresses" ("id" serial primary key, "customer_id" integer NOT NULL, "street" character varying NOT NULL, "city" character varying NOT NULL) [0m
D, [2017-01-05T19:34:27.971049 #95134] DEBUG -- :   [1m[35mSQL (22.4ms)[0m  INSERT INTO "schema_migrations" ("version") VALUES ($1) RETURNING "version"  [["version", "20160503230129"]]
D, [2017-01-05T19:34:27.995098 #95134] DEBUG -- :   [1m[36m (23.7ms)[0m  [1mCOMMIT[0m
I, [2017-01-05T19:34:27.995238 #95134]  INFO -- : Migrating to AddCustomerDetailsMaterializedView (20160503233132)
D, [2017-01-05T19:34:28.019281 #95134] DEBUG -- :   [1m[35m (22.1ms)[0m  BEGIN
D, [2017-01-05T19:34:28.050080 #95134] DEBUG -- :   [1m[36m (30.0ms)[0m  [1m
      CREATE MATERIALIZED VIEW customer_details AS
        SELECT
          customers.id as customer_id,
          customers.first_name as first_name,
          customers.last_name as last_name,
          addresses.street as street,
          addresses.city as city
        FROM
          customers
        JOIN addresses ON
          customers.id = addresses.customer_id
    [0m
D, [2017-01-05T19:34:28.075704 #95134] DEBUG -- :   [1m[35m (25.3ms)[0m  
      CREATE UNIQUE INDEX
        customer_details_customer_id
      ON
        customer_details(customer_id)
    
D, [2017-01-05T19:34:28.122429 #95134] DEBUG -- :   [1m[36mSQL (22.8ms)[0m  [1mINSERT INTO "schema_migrations" ("version") VALUES ($1) RETURNING "version"[0m  [["version", "20160503233132"]]
D, [2017-01-05T19:34:28.148140 #95134] DEBUG -- :   [1m[35m (25.1ms)[0m  COMMIT
I, [2017-01-05T19:34:28.148302 #95134]  INFO -- : Migrating to AddFunctionTriggerForCustomerDetails (20160503235100)
D, [2017-01-05T19:34:28.172369 #95134] DEBUG -- :   [1m[36m (22.2ms)[0m  [1mBEGIN[0m
D, [2017-01-05T19:34:28.238316 #95134] DEBUG -- :   [1m[35m (65.6ms)[0m  
      CREATE OR REPLACE FUNCTION
        refresh_customer_details()
        RETURNS TRIGGER LANGUAGE PLPGSQL
      AS
      $$
      BEGIN
        REFRESH MATERIALIZED VIEW customer_details;
        RETURN NULL;
      EXCEPTION
        WHEN feature_not_supported THEN
        RETURN NULL;
      END
      $$;
    
D, [2017-01-05T19:34:28.260730 #95134] DEBUG -- :   [1m[36m (22.1ms)[0m  [1m
        CREATE TRIGGER
          refresh_customer_details
        AFTER
          INSERT OR
          DELETE OR
          UPDATE
        ON
          customers
        FOR EACH STATEMENT
          EXECUTE PROCEDURE refresh_customer_details()
      [0m
D, [2017-01-05T19:34:28.283820 #95134] DEBUG -- :   [1m[35m (22.3ms)[0m  
        CREATE TRIGGER
          refresh_customer_details
        AFTER
          INSERT OR
          DELETE OR
          UPDATE
        ON
          addresses
        FOR EACH STATEMENT
          EXECUTE PROCEDURE refresh_customer_details()
      
D, [2017-01-05T19:34:28.330771 #95134] DEBUG -- :   [1m[36mSQL (22.1ms)[0m  [1mINSERT INTO "schema_migrations" ("version") VALUES ($1) RETURNING "version"[0m  [["version", "20160503235100"]]
D, [2017-01-05T19:34:28.359039 #95134] DEBUG -- :   [1m[35m (27.8ms)[0m  COMMIT
I, [2017-01-05T19:34:43.234968 #95148]  INFO -- : Started GET "/users/login" for ::1 at 2017-01-05 19:34:43 +0800
I, [2017-01-05T19:34:44.034207 #95148]  INFO -- : Processing by Devise::SessionsController#new as HTML
I, [2017-01-05T19:34:44.573074 #95148]  INFO -- :   Rendered devise/sessions/new.html.erb within layouts/application (428.3ms)
I, [2017-01-05T19:34:44.576304 #95148]  INFO -- :   Rendered layouts/_footer.html.erb (0.3ms)
I, [2017-01-05T19:34:44.576729 #95148]  INFO -- : Completed 200 OK in 542ms (Views: 441.7ms | ActiveRecord: 72.7ms)
I, [2017-01-05T19:34:44.598854 #95148]  INFO -- : Started GET "/javascripts/application.js" for ::1 at 2017-01-05 19:34:44 +0800
I, [2017-01-05T19:34:44.604221 #95148]  INFO -- : Started GET "/stylesheets/application.css" for ::1 at 2017-01-05 19:34:44 +0800
F, [2017-01-05T19:34:45.072221 #95148] FATAL -- : 
ActionController::RoutingError (No route matches [GET] "/javascripts/application.js"):
  actionpack (4.2.5) lib/action_dispatch/middleware/debug_exceptions.rb:21:in `call'
  actionpack (4.2.5) lib/action_dispatch/middleware/show_exceptions.rb:30:in `call'
  railties (4.2.5) lib/rails/rack/logger.rb:38:in `call_app'
  railties (4.2.5) lib/rails/rack/logger.rb:20:in `block in call'
  activesupport (4.2.5) lib/active_support/tagged_logging.rb:68:in `block in tagged'
  activesupport (4.2.5) lib/active_support/tagged_logging.rb:26:in `tagged'
  activesupport (4.2.5) lib/active_support/tagged_logging.rb:68:in `tagged'
  railties (4.2.5) lib/rails/rack/logger.rb:20:in `call'
  actionpack (4.2.5) lib/action_dispatch/middleware/request_id.rb:21:in `call'
  rack (1.6.4) lib/rack/methodoverride.rb:22:in `call'
  rack (1.6.4) lib/rack/runtime.rb:18:in `call'
  activesupport (4.2.5) lib/active_support/cache/strategy/local_cache_middleware.rb:28:in `call'
  rack (1.6.4) lib/rack/sendfile.rb:113:in `call'
  railties (4.2.5) lib/rails/engine.rb:518:in `call'
  railties (4.2.5) lib/rails/application.rb:165:in `call'
  rack (1.6.4) lib/rack/content_length.rb:15:in `call'
  puma (3.4.0) lib/puma/configuration.rb:224:in `call'
  puma (3.4.0) lib/puma/server.rb:569:in `handle_request'
  puma (3.4.0) lib/puma/server.rb:406:in `process_client'
  puma (3.4.0) lib/puma/server.rb:271:in `block in run'
  puma (3.4.0) lib/puma/thread_pool.rb:114:in `block in spawn_thread'


F, [2017-01-05T19:34:45.073695 #95148] FATAL -- : 
ActionController::RoutingError (No route matches [GET] "/stylesheets/application.css"):
  actionpack (4.2.5) lib/action_dispatch/middleware/debug_exceptions.rb:21:in `call'
  actionpack (4.2.5) lib/action_dispatch/middleware/show_exceptions.rb:30:in `call'
  railties (4.2.5) lib/rails/rack/logger.rb:38:in `call_app'
  railties (4.2.5) lib/rails/rack/logger.rb:20:in `block in call'
  activesupport (4.2.5) lib/active_support/tagged_logging.rb:68:in `block in tagged'
  activesupport (4.2.5) lib/active_support/tagged_logging.rb:26:in `tagged'
  activesupport (4.2.5) lib/active_support/tagged_logging.rb:68:in `tagged'
  railties (4.2.5) lib/rails/rack/logger.rb:20:in `call'
  actionpack (4.2.5) lib/action_dispatch/middleware/request_id.rb:21:in `call'
  rack (1.6.4) lib/rack/methodoverride.rb:22:in `call'
  rack (1.6.4) lib/rack/runtime.rb:18:in `call'
  activesupport (4.2.5) lib/active_support/cache/strategy/local_cache_middleware.rb:28:in `call'
  rack (1.6.4) lib/rack/sendfile.rb:113:in `call'
  railties (4.2.5) lib/rails/engine.rb:518:in `call'
  railties (4.2.5) lib/rails/application.rb:165:in `call'
  rack (1.6.4) lib/rack/content_length.rb:15:in `call'
  puma (3.4.0) lib/puma/configuration.rb:224:in `call'
  puma (3.4.0) lib/puma/server.rb:569:in `handle_request'
  puma (3.4.0) lib/puma/server.rb:406:in `process_client'
  puma (3.4.0) lib/puma/server.rb:271:in `block in run'
  puma (3.4.0) lib/puma/thread_pool.rb:114:in `block in spawn_thread'


I, [2017-01-05T19:34:47.826986 #95148]  INFO -- : Started GET "/users/login" for ::1 at 2017-01-05 19:34:47 +0800
I, [2017-01-05T19:34:47.850360 #95148]  INFO -- : Processing by Devise::SessionsController#new as HTML
I, [2017-01-05T19:34:47.866525 #95148]  INFO -- :   Rendered devise/sessions/new.html.erb within layouts/application (14.7ms)
I, [2017-01-05T19:34:47.867210 #95148]  INFO -- :   Rendered layouts/_footer.html.erb (0.0ms)
I, [2017-01-05T19:34:47.867391 #95148]  INFO -- : Completed 200 OK in 17ms (Views: 15.8ms | ActiveRecord: 0.0ms)
I, [2017-01-05T19:34:47.878273 #95148]  INFO -- : Started GET "/stylesheets/application.css" for ::1 at 2017-01-05 19:34:47 +0800
I, [2017-01-05T19:34:47.879641 #95148]  INFO -- : Started GET "/javascripts/application.js" for ::1 at 2017-01-05 19:34:47 +0800
F, [2017-01-05T19:34:47.904708 #95148] FATAL -- : 
ActionController::RoutingError (No route matches [GET] "/stylesheets/application.css"):
  actionpack (4.2.5) lib/action_dispatch/middleware/debug_exceptions.rb:21:in `call'
  actionpack (4.2.5) lib/action_dispatch/middleware/show_exceptions.rb:30:in `call'
  railties (4.2.5) lib/rails/rack/logger.rb:38:in `call_app'
  railties (4.2.5) lib/rails/rack/logger.rb:20:in `block in call'
  activesupport (4.2.5) lib/active_support/tagged_logging.rb:68:in `block in tagged'
  activesupport (4.2.5) lib/active_support/tagged_logging.rb:26:in `tagged'
  activesupport (4.2.5) lib/active_support/tagged_logging.rb:68:in `tagged'
  railties (4.2.5) lib/rails/rack/logger.rb:20:in `call'
  actionpack (4.2.5) lib/action_dispatch/middleware/request_id.rb:21:in `call'
  rack (1.6.4) lib/rack/methodoverride.rb:22:in `call'
  rack (1.6.4) lib/rack/runtime.rb:18:in `call'
  activesupport (4.2.5) lib/active_support/cache/strategy/local_cache_middleware.rb:28:in `call'
  rack (1.6.4) lib/rack/sendfile.rb:113:in `call'
  railties (4.2.5) lib/rails/engine.rb:518:in `call'
  railties (4.2.5) lib/rails/application.rb:165:in `call'
  rack (1.6.4) lib/rack/content_length.rb:15:in `call'
  puma (3.4.0) lib/puma/configuration.rb:224:in `call'
  puma (3.4.0) lib/puma/server.rb:569:in `handle_request'
  puma (3.4.0) lib/puma/server.rb:406:in `process_client'
  puma (3.4.0) lib/puma/server.rb:271:in `block in run'
  puma (3.4.0) lib/puma/thread_pool.rb:114:in `block in spawn_thread'


F, [2017-01-05T19:34:47.929501 #95148] FATAL -- : 
ActionController::RoutingError (No route matches [GET] "/javascripts/application.js"):
  actionpack (4.2.5) lib/action_dispatch/middleware/debug_exceptions.rb:21:in `call'
  actionpack (4.2.5) lib/action_dispatch/middleware/show_exceptions.rb:30:in `call'
  railties (4.2.5) lib/rails/rack/logger.rb:38:in `call_app'
  railties (4.2.5) lib/rails/rack/logger.rb:20:in `block in call'
  activesupport (4.2.5) lib/active_support/tagged_logging.rb:68:in `block in tagged'
  activesupport (4.2.5) lib/active_support/tagged_logging.rb:26:in `tagged'
  activesupport (4.2.5) lib/active_support/tagged_logging.rb:68:in `tagged'
  railties (4.2.5) lib/rails/rack/logger.rb:20:in `call'
  actionpack (4.2.5) lib/action_dispatch/middleware/request_id.rb:21:in `call'
  rack (1.6.4) lib/rack/methodoverride.rb:22:in `call'
  rack (1.6.4) lib/rack/runtime.rb:18:in `call'
  activesupport (4.2.5) lib/active_support/cache/strategy/local_cache_middleware.rb:28:in `call'
  rack (1.6.4) lib/rack/sendfile.rb:113:in `call'
  railties (4.2.5) lib/rails/engine.rb:518:in `call'
  railties (4.2.5) lib/rails/application.rb:165:in `call'
  rack (1.6.4) lib/rack/content_length.rb:15:in `call'
  puma (3.4.0) lib/puma/configuration.rb:224:in `call'
  puma (3.4.0) lib/puma/server.rb:569:in `handle_request'
  puma (3.4.0) lib/puma/server.rb:406:in `process_client'
  puma (3.4.0) lib/puma/server.rb:271:in `block in run'
  puma (3.4.0) lib/puma/thread_pool.rb:114:in `block in spawn_thread'


I, [2017-01-05T19:34:50.159008 #95148]  INFO -- : Started GET "/users/login" for ::1 at 2017-01-05 19:34:50 +0800
I, [2017-01-05T19:34:50.184384 #95148]  INFO -- : Processing by Devise::SessionsController#new as HTML
I, [2017-01-05T19:34:50.204163 #95148]  INFO -- :   Rendered devise/sessions/new.html.erb within layouts/application (16.5ms)
I, [2017-01-05T19:34:50.204979 #95148]  INFO -- :   Rendered layouts/_footer.html.erb (0.0ms)
I, [2017-01-05T19:34:50.205402 #95148]  INFO -- : Completed 200 OK in 21ms (Views: 17.9ms | ActiveRecord: 0.0ms)
I, [2017-01-05T19:34:50.217302 #95148]  INFO -- : Started GET "/javascripts/application.js" for ::1 at 2017-01-05 19:34:50 +0800
I, [2017-01-05T19:34:50.222651 #95148]  INFO -- : Started GET "/stylesheets/application.css" for ::1 at 2017-01-05 19:34:50 +0800
F, [2017-01-05T19:34:50.242983 #95148] FATAL -- : 
ActionController::RoutingError (No route matches [GET] "/javascripts/application.js"):
  actionpack (4.2.5) lib/action_dispatch/middleware/debug_exceptions.rb:21:in `call'
  actionpack (4.2.5) lib/action_dispatch/middleware/show_exceptions.rb:30:in `call'
  railties (4.2.5) lib/rails/rack/logger.rb:38:in `call_app'
  railties (4.2.5) lib/rails/rack/logger.rb:20:in `block in call'
  activesupport (4.2.5) lib/active_support/tagged_logging.rb:68:in `block in tagged'
  activesupport (4.2.5) lib/active_support/tagged_logging.rb:26:in `tagged'
  activesupport (4.2.5) lib/active_support/tagged_logging.rb:68:in `tagged'
  railties (4.2.5) lib/rails/rack/logger.rb:20:in `call'
  actionpack (4.2.5) lib/action_dispatch/middleware/request_id.rb:21:in `call'
  rack (1.6.4) lib/rack/methodoverride.rb:22:in `call'
  rack (1.6.4) lib/rack/runtime.rb:18:in `call'
  activesupport (4.2.5) lib/active_support/cache/strategy/local_cache_middleware.rb:28:in `call'
  rack (1.6.4) lib/rack/sendfile.rb:113:in `call'
  railties (4.2.5) lib/rails/engine.rb:518:in `call'
  railties (4.2.5) lib/rails/application.rb:165:in `call'
  rack (1.6.4) lib/rack/content_length.rb:15:in `call'
  puma (3.4.0) lib/puma/configuration.rb:224:in `call'
  puma (3.4.0) lib/puma/server.rb:569:in `handle_request'
  puma (3.4.0) lib/puma/server.rb:406:in `process_client'
  puma (3.4.0) lib/puma/server.rb:271:in `block in run'
  puma (3.4.0) lib/puma/thread_pool.rb:114:in `block in spawn_thread'


F, [2017-01-05T19:34:50.289214 #95148] FATAL -- : 
ActionController::RoutingError (No route matches [GET] "/stylesheets/application.css"):
  actionpack (4.2.5) lib/action_dispatch/middleware/debug_exceptions.rb:21:in `call'
  actionpack (4.2.5) lib/action_dispatch/middleware/show_exceptions.rb:30:in `call'
  railties (4.2.5) lib/rails/rack/logger.rb:38:in `call_app'
  railties (4.2.5) lib/rails/rack/logger.rb:20:in `block in call'
  activesupport (4.2.5) lib/active_support/tagged_logging.rb:68:in `block in tagged'
  activesupport (4.2.5) lib/active_support/tagged_logging.rb:26:in `tagged'
  activesupport (4.2.5) lib/active_support/tagged_logging.rb:68:in `tagged'
  railties (4.2.5) lib/rails/rack/logger.rb:20:in `call'
  actionpack (4.2.5) lib/action_dispatch/middleware/request_id.rb:21:in `call'
  rack (1.6.4) lib/rack/methodoverride.rb:22:in `call'
  rack (1.6.4) lib/rack/runtime.rb:18:in `call'
  activesupport (4.2.5) lib/active_support/cache/strategy/local_cache_middleware.rb:28:in `call'
  rack (1.6.4) lib/rack/sendfile.rb:113:in `call'
  railties (4.2.5) lib/rails/engine.rb:518:in `call'
  railties (4.2.5) lib/rails/application.rb:165:in `call'
  rack (1.6.4) lib/rack/content_length.rb:15:in `call'
  puma (3.4.0) lib/puma/configuration.rb:224:in `call'
  puma (3.4.0) lib/puma/server.rb:569:in `handle_request'
  puma (3.4.0) lib/puma/server.rb:406:in `process_client'
  puma (3.4.0) lib/puma/server.rb:271:in `block in run'
  puma (3.4.0) lib/puma/thread_pool.rb:114:in `block in spawn_thread'


I, [2017-01-05T19:34:55.149578 #95148]  INFO -- : Started POST "/users/login" for ::1 at 2017-01-05 19:34:55 +0800
I, [2017-01-05T19:34:55.175266 #95148]  INFO -- : Processing by Devise::SessionsController#create as HTML
I, [2017-01-05T19:34:55.175673 #95148]  INFO -- :   Parameters: {"utf8"=>"✓", "authenticity_token"=>"6qfwC41AXmRQr5dZaR+pZz7nynq5WP94bDg8haVrZmgTyubeSAwlDs/R301jFR+o/q13GMGl2DZTqIbkw0+EYg==", "user"=>{"username"=>"admin@gmail.com", "password"=>"[FILTERED]", "remember_me"=>"0"}, "commit"=>"Log in"}
D, [2017-01-05T19:34:55.249419 #95148] DEBUG -- :   [1m[36mUser Load (22.9ms)[0m  [1mSELECT  "users".* FROM "users" WHERE "users"."username" = $1  ORDER BY "users"."id" ASC LIMIT 1[0m  [["username", "admin@gmail.com"]]
I, [2017-01-05T19:34:55.250120 #95148]  INFO -- : Completed 401 Unauthorized in 74ms (ActiveRecord: 45.2ms)
I, [2017-01-05T19:34:55.252109 #95148]  INFO -- : Processing by Devise::SessionsController#new as HTML
I, [2017-01-05T19:34:55.252207 #95148]  INFO -- :   Parameters: {"utf8"=>"✓", "authenticity_token"=>"6qfwC41AXmRQr5dZaR+pZz7nynq5WP94bDg8haVrZmgTyubeSAwlDs/R301jFR+o/q13GMGl2DZTqIbkw0+EYg==", "user"=>{"username"=>"admin@gmail.com", "password"=>"[FILTERED]", "remember_me"=>"0"}, "commit"=>"Log in"}
I, [2017-01-05T19:34:55.413787 #95148]  INFO -- :   Rendered devise/sessions/new.html.erb within layouts/application (15.3ms)
I, [2017-01-05T19:34:55.414298 #95148]  INFO -- :   Rendered layouts/_footer.html.erb (0.0ms)
I, [2017-01-05T19:34:55.414463 #95148]  INFO -- : Completed 200 OK in 162ms (Views: 16.3ms | ActiveRecord: 0.0ms)
I, [2017-01-05T19:34:55.427359 #95148]  INFO -- : Started GET "/stylesheets/application.css" for ::1 at 2017-01-05 19:34:55 +0800
I, [2017-01-05T19:34:55.430990 #95148]  INFO -- : Started GET "/javascripts/application.js" for ::1 at 2017-01-05 19:34:55 +0800
F, [2017-01-05T19:34:55.487317 #95148] FATAL -- : 
ActionController::RoutingError (No route matches [GET] "/javascripts/application.js"):
  actionpack (4.2.5) lib/action_dispatch/middleware/debug_exceptions.rb:21:in `call'
  actionpack (4.2.5) lib/action_dispatch/middleware/show_exceptions.rb:30:in `call'
  railties (4.2.5) lib/rails/rack/logger.rb:38:in `call_app'
  railties (4.2.5) lib/rails/rack/logger.rb:20:in `block in call'
  activesupport (4.2.5) lib/active_support/tagged_logging.rb:68:in `block in tagged'
  activesupport (4.2.5) lib/active_support/tagged_logging.rb:26:in `tagged'
  activesupport (4.2.5) lib/active_support/tagged_logging.rb:68:in `tagged'
  railties (4.2.5) lib/rails/rack/logger.rb:20:in `call'
  actionpack (4.2.5) lib/action_dispatch/middleware/request_id.rb:21:in `call'
  rack (1.6.4) lib/rack/methodoverride.rb:22:in `call'
  rack (1.6.4) lib/rack/runtime.rb:18:in `call'
  activesupport (4.2.5) lib/active_support/cache/strategy/local_cache_middleware.rb:28:in `call'
  rack (1.6.4) lib/rack/sendfile.rb:113:in `call'
  railties (4.2.5) lib/rails/engine.rb:518:in `call'
  railties (4.2.5) lib/rails/application.rb:165:in `call'
  rack (1.6.4) lib/rack/content_length.rb:15:in `call'
  puma (3.4.0) lib/puma/configuration.rb:224:in `call'
  puma (3.4.0) lib/puma/server.rb:569:in `handle_request'
  puma (3.4.0) lib/puma/server.rb:406:in `process_client'
  puma (3.4.0) lib/puma/server.rb:271:in `block in run'
  puma (3.4.0) lib/puma/thread_pool.rb:114:in `block in spawn_thread'


F, [2017-01-05T19:34:55.508018 #95148] FATAL -- : 
ActionController::RoutingError (No route matches [GET] "/stylesheets/application.css"):
  actionpack (4.2.5) lib/action_dispatch/middleware/debug_exceptions.rb:21:in `call'
  actionpack (4.2.5) lib/action_dispatch/middleware/show_exceptions.rb:30:in `call'
  railties (4.2.5) lib/rails/rack/logger.rb:38:in `call_app'
  railties (4.2.5) lib/rails/rack/logger.rb:20:in `block in call'
  activesupport (4.2.5) lib/active_support/tagged_logging.rb:68:in `block in tagged'
  activesupport (4.2.5) lib/active_support/tagged_logging.rb:26:in `tagged'
  activesupport (4.2.5) lib/active_support/tagged_logging.rb:68:in `tagged'
  railties (4.2.5) lib/rails/rack/logger.rb:20:in `call'
  actionpack (4.2.5) lib/action_dispatch/middleware/request_id.rb:21:in `call'
  rack (1.6.4) lib/rack/methodoverride.rb:22:in `call'
  rack (1.6.4) lib/rack/runtime.rb:18:in `call'
  activesupport (4.2.5) lib/active_support/cache/strategy/local_cache_middleware.rb:28:in `call'
  rack (1.6.4) lib/rack/sendfile.rb:113:in `call'
  railties (4.2.5) lib/rails/engine.rb:518:in `call'
  railties (4.2.5) lib/rails/application.rb:165:in `call'
  rack (1.6.4) lib/rack/content_length.rb:15:in `call'
  puma (3.4.0) lib/puma/configuration.rb:224:in `call'
  puma (3.4.0) lib/puma/server.rb:569:in `handle_request'
  puma (3.4.0) lib/puma/server.rb:406:in `process_client'
  puma (3.4.0) lib/puma/server.rb:271:in `block in run'
  puma (3.4.0) lib/puma/thread_pool.rb:114:in `block in spawn_thread'


I, [2017-01-05T19:34:57.862885 #95148]  INFO -- : Started POST "/users/login" for ::1 at 2017-01-05 19:34:57 +0800
I, [2017-01-05T19:34:57.887227 #95148]  INFO -- : Processing by Devise::SessionsController#create as HTML
I, [2017-01-05T19:34:57.887352 #95148]  INFO -- :   Parameters: {"utf8"=>"✓", "authenticity_token"=>"oj+E6yAzYP5uGYrPQWwz7yR3m85cZkVRcAzX0OB7zv5bUpI+5X8blPFnwttLZoUg5D0mrCSbYh9PnG2xhl8s9A==", "user"=>{"username"=>"admin@gmail.com", "password"=>"[FILTERED]", "remember_me"=>"0"}, "commit"=>"Log in"}
D, [2017-01-05T19:34:57.912747 #95148] DEBUG -- :   [1m[35mUser Load (22.5ms)[0m  SELECT  "users".* FROM "users" WHERE "users"."username" = $1  ORDER BY "users"."id" ASC LIMIT 1  [["username", "admin@gmail.com"]]
I, [2017-01-05T19:34:57.913302 #95148]  INFO -- : Completed 401 Unauthorized in 26ms (ActiveRecord: 22.5ms)
I, [2017-01-05T19:34:57.914180 #95148]  INFO -- : Processing by Devise::SessionsController#new as HTML
I, [2017-01-05T19:34:57.914257 #95148]  INFO -- :   Parameters: {"utf8"=>"✓", "authenticity_token"=>"oj+E6yAzYP5uGYrPQWwz7yR3m85cZkVRcAzX0OB7zv5bUpI+5X8blPFnwttLZoUg5D0mrCSbYh9PnG2xhl8s9A==", "user"=>{"username"=>"admin@gmail.com", "password"=>"[FILTERED]", "remember_me"=>"0"}, "commit"=>"Log in"}
I, [2017-01-05T19:34:58.063543 #95148]  INFO -- :   Rendered devise/sessions/new.html.erb within layouts/application (14.1ms)
I, [2017-01-05T19:34:58.064152 #95148]  INFO -- :   Rendered layouts/_footer.html.erb (0.0ms)
I, [2017-01-05T19:34:58.064345 #95148]  INFO -- : Completed 200 OK in 150ms (Views: 15.1ms | ActiveRecord: 0.0ms)
I, [2017-01-05T19:34:58.077652 #95148]  INFO -- : Started GET "/stylesheets/application.css" for ::1 at 2017-01-05 19:34:58 +0800
I, [2017-01-05T19:34:58.082182 #95148]  INFO -- : Started GET "/javascripts/application.js" for ::1 at 2017-01-05 19:34:58 +0800
F, [2017-01-05T19:34:58.103173 #95148] FATAL -- : 
ActionController::RoutingError (No route matches [GET] "/stylesheets/application.css"):
  actionpack (4.2.5) lib/action_dispatch/middleware/debug_exceptions.rb:21:in `call'
  actionpack (4.2.5) lib/action_dispatch/middleware/show_exceptions.rb:30:in `call'
  railties (4.2.5) lib/rails/rack/logger.rb:38:in `call_app'
  railties (4.2.5) lib/rails/rack/logger.rb:20:in `block in call'
  activesupport (4.2.5) lib/active_support/tagged_logging.rb:68:in `block in tagged'
  activesupport (4.2.5) lib/active_support/tagged_logging.rb:26:in `tagged'
  activesupport (4.2.5) lib/active_support/tagged_logging.rb:68:in `tagged'
  railties (4.2.5) lib/rails/rack/logger.rb:20:in `call'
  actionpack (4.2.5) lib/action_dispatch/middleware/request_id.rb:21:in `call'
  rack (1.6.4) lib/rack/methodoverride.rb:22:in `call'
  rack (1.6.4) lib/rack/runtime.rb:18:in `call'
  activesupport (4.2.5) lib/active_support/cache/strategy/local_cache_middleware.rb:28:in `call'
  rack (1.6.4) lib/rack/sendfile.rb:113:in `call'
  railties (4.2.5) lib/rails/engine.rb:518:in `call'
  railties (4.2.5) lib/rails/application.rb:165:in `call'
  rack (1.6.4) lib/rack/content_length.rb:15:in `call'
  puma (3.4.0) lib/puma/configuration.rb:224:in `call'
  puma (3.4.0) lib/puma/server.rb:569:in `handle_request'
  puma (3.4.0) lib/puma/server.rb:406:in `process_client'
  puma (3.4.0) lib/puma/server.rb:271:in `block in run'
  puma (3.4.0) lib/puma/thread_pool.rb:114:in `block in spawn_thread'


F, [2017-01-05T19:34:58.127990 #95148] FATAL -- : 
ActionController::RoutingError (No route matches [GET] "/javascripts/application.js"):
  actionpack (4.2.5) lib/action_dispatch/middleware/debug_exceptions.rb:21:in `call'
  actionpack (4.2.5) lib/action_dispatch/middleware/show_exceptions.rb:30:in `call'
  railties (4.2.5) lib/rails/rack/logger.rb:38:in `call_app'
  railties (4.2.5) lib/rails/rack/logger.rb:20:in `block in call'
  activesupport (4.2.5) lib/active_support/tagged_logging.rb:68:in `block in tagged'
  activesupport (4.2.5) lib/active_support/tagged_logging.rb:26:in `tagged'
  activesupport (4.2.5) lib/active_support/tagged_logging.rb:68:in `tagged'
  railties (4.2.5) lib/rails/rack/logger.rb:20:in `call'
  actionpack (4.2.5) lib/action_dispatch/middleware/request_id.rb:21:in `call'
  rack (1.6.4) lib/rack/methodoverride.rb:22:in `call'
  rack (1.6.4) lib/rack/runtime.rb:18:in `call'
  activesupport (4.2.5) lib/active_support/cache/strategy/local_cache_middleware.rb:28:in `call'
  rack (1.6.4) lib/rack/sendfile.rb:113:in `call'
  railties (4.2.5) lib/rails/engine.rb:518:in `call'
  railties (4.2.5) lib/rails/application.rb:165:in `call'
  rack (1.6.4) lib/rack/content_length.rb:15:in `call'
  puma (3.4.0) lib/puma/configuration.rb:224:in `call'
  puma (3.4.0) lib/puma/server.rb:569:in `handle_request'
  puma (3.4.0) lib/puma/server.rb:406:in `process_client'
  puma (3.4.0) lib/puma/server.rb:271:in `block in run'
  puma (3.4.0) lib/puma/thread_pool.rb:114:in `block in spawn_thread'


I, [2017-01-05T22:25:08.773884 #95913]  INFO -- : Started GET "/" for ::1 at 2017-01-05 22:25:08 +0800
I, [2017-01-05T22:25:09.265315 #95913]  INFO -- : Started GET "/" for ::1 at 2017-01-05 22:25:09 +0800
I, [2017-01-05T22:25:14.509546 #95913]  INFO -- : Processing by HomeController#index as HTML
I, [2017-01-05T22:25:14.866695 #95913]  INFO -- : Processing by HomeController#index as HTML
I, [2017-01-05T22:25:14.867216 #95913]  INFO -- : Completed 401 Unauthorized in 357ms (ActiveRecord: 0.0ms)
I, [2017-01-05T22:25:14.868092 #95913]  INFO -- : Completed 401 Unauthorized in 1ms (ActiveRecord: 0.0ms)
I, [2017-01-05T22:25:15.541570 #95913]  INFO -- : Started GET "/users/login" for ::1 at 2017-01-05 22:25:15 +0800
I, [2017-01-05T22:25:15.908295 #95913]  INFO -- : Processing by Devise::SessionsController#new as HTML
I, [2017-01-05T22:25:16.053056 #95913]  INFO -- :   Rendered devise/sessions/new.html.erb within layouts/application (28.0ms)
I, [2017-01-05T22:25:16.055987 #95913]  INFO -- :   Rendered layouts/_footer.html.erb (0.3ms)
I, [2017-01-05T22:25:16.056219 #95913]  INFO -- : Completed 200 OK in 148ms (Views: 41.9ms | ActiveRecord: 90.3ms)
I, [2017-01-05T22:25:16.063603 #95913]  INFO -- : Started GET "/stylesheets/application.css" for ::1 at 2017-01-05 22:25:16 +0800
I, [2017-01-05T22:25:16.065580 #95913]  INFO -- : Started GET "/javascripts/application.js" for ::1 at 2017-01-05 22:25:16 +0800
F, [2017-01-05T22:25:16.118767 #95913] FATAL -- : 
ActionController::RoutingError (No route matches [GET] "/javascripts/application.js"):
  actionpack (4.2.5) lib/action_dispatch/middleware/debug_exceptions.rb:21:in `call'
  actionpack (4.2.5) lib/action_dispatch/middleware/show_exceptions.rb:30:in `call'
  railties (4.2.5) lib/rails/rack/logger.rb:38:in `call_app'
  railties (4.2.5) lib/rails/rack/logger.rb:20:in `block in call'
  activesupport (4.2.5) lib/active_support/tagged_logging.rb:68:in `block in tagged'
  activesupport (4.2.5) lib/active_support/tagged_logging.rb:26:in `tagged'
  activesupport (4.2.5) lib/active_support/tagged_logging.rb:68:in `tagged'
  railties (4.2.5) lib/rails/rack/logger.rb:20:in `call'
  actionpack (4.2.5) lib/action_dispatch/middleware/request_id.rb:21:in `call'
  rack (1.6.4) lib/rack/methodoverride.rb:22:in `call'
  rack (1.6.4) lib/rack/runtime.rb:18:in `call'
  activesupport (4.2.5) lib/active_support/cache/strategy/local_cache_middleware.rb:28:in `call'
  rack (1.6.4) lib/rack/sendfile.rb:113:in `call'
  railties (4.2.5) lib/rails/engine.rb:518:in `call'
  railties (4.2.5) lib/rails/application.rb:165:in `call'
  rack (1.6.4) lib/rack/content_length.rb:15:in `call'
  puma (3.4.0) lib/puma/configuration.rb:224:in `call'
  puma (3.4.0) lib/puma/server.rb:569:in `handle_request'
  puma (3.4.0) lib/puma/server.rb:406:in `process_client'
  puma (3.4.0) lib/puma/server.rb:271:in `block in run'
  puma (3.4.0) lib/puma/thread_pool.rb:114:in `block in spawn_thread'


F, [2017-01-05T22:25:16.120018 #95913] FATAL -- : 
ActionController::RoutingError (No route matches [GET] "/stylesheets/application.css"):
  actionpack (4.2.5) lib/action_dispatch/middleware/debug_exceptions.rb:21:in `call'
  actionpack (4.2.5) lib/action_dispatch/middleware/show_exceptions.rb:30:in `call'
  railties (4.2.5) lib/rails/rack/logger.rb:38:in `call_app'
  railties (4.2.5) lib/rails/rack/logger.rb:20:in `block in call'
  activesupport (4.2.5) lib/active_support/tagged_logging.rb:68:in `block in tagged'
  activesupport (4.2.5) lib/active_support/tagged_logging.rb:26:in `tagged'
  activesupport (4.2.5) lib/active_support/tagged_logging.rb:68:in `tagged'
  railties (4.2.5) lib/rails/rack/logger.rb:20:in `call'
  actionpack (4.2.5) lib/action_dispatch/middleware/request_id.rb:21:in `call'
  rack (1.6.4) lib/rack/methodoverride.rb:22:in `call'
  rack (1.6.4) lib/rack/runtime.rb:18:in `call'
  activesupport (4.2.5) lib/active_support/cache/strategy/local_cache_middleware.rb:28:in `call'
  rack (1.6.4) lib/rack/sendfile.rb:113:in `call'
  railties (4.2.5) lib/rails/engine.rb:518:in `call'
  railties (4.2.5) lib/rails/application.rb:165:in `call'
  rack (1.6.4) lib/rack/content_length.rb:15:in `call'
  puma (3.4.0) lib/puma/configuration.rb:224:in `call'
  puma (3.4.0) lib/puma/server.rb:569:in `handle_request'
  puma (3.4.0) lib/puma/server.rb:406:in `process_client'
  puma (3.4.0) lib/puma/server.rb:271:in `block in run'
  puma (3.4.0) lib/puma/thread_pool.rb:114:in `block in spawn_thread'


I, [2017-01-05T22:25:21.536986 #95913]  INFO -- : Started POST "/users/login" for ::1 at 2017-01-05 22:25:21 +0800
I, [2017-01-05T22:25:21.598385 #95913]  INFO -- : Processing by Devise::SessionsController#create as HTML
I, [2017-01-05T22:25:21.598534 #95913]  INFO -- :   Parameters: {"utf8"=>"✓", "authenticity_token"=>"ZNHSoSTQ/vLtcAZ3VLUE3+31UVLHAzqRhJTcFd4eAp+dvMR04ZyFmHIOTmNev7IQLb/sML/+Hd+7BGZ0uDrglQ==", "user"=>{"username"=>"admin@gmail.com", "password"=>"[FILTERED]", "remember_me"=>"0"}, "commit"=>"Log in"}
D, [2017-01-05T22:25:21.878202 #95913] DEBUG -- :   [1m[36mUser Load (28.0ms)[0m  [1mSELECT  "users".* FROM "users" WHERE "users"."username" = $1  ORDER BY "users"."id" ASC LIMIT 1[0m  [["username", "admin@gmail.com"]]
I, [2017-01-05T22:25:21.878877 #95913]  INFO -- : Completed 401 Unauthorized in 280ms (ActiveRecord: 204.2ms)
I, [2017-01-05T22:25:21.880070 #95913]  INFO -- : Processing by Devise::SessionsController#new as HTML
I, [2017-01-05T22:25:21.880156 #95913]  INFO -- :   Parameters: {"utf8"=>"✓", "authenticity_token"=>"ZNHSoSTQ/vLtcAZ3VLUE3+31UVLHAzqRhJTcFd4eAp+dvMR04ZyFmHIOTmNev7IQLb/sML/+Hd+7BGZ0uDrglQ==", "user"=>{"username"=>"admin@gmail.com", "password"=>"[FILTERED]", "remember_me"=>"0"}, "commit"=>"Log in"}
I, [2017-01-05T22:25:22.039261 #95913]  INFO -- :   Rendered devise/sessions/new.html.erb within layouts/application (15.7ms)
I, [2017-01-05T22:25:22.039966 #95913]  INFO -- :   Rendered layouts/_footer.html.erb (0.0ms)
I, [2017-01-05T22:25:22.040177 #95913]  INFO -- : Completed 200 OK in 160ms (Views: 16.8ms | ActiveRecord: 0.0ms)
I, [2017-01-05T22:25:22.053653 #95913]  INFO -- : Started GET "/stylesheets/application.css" for ::1 at 2017-01-05 22:25:22 +0800
I, [2017-01-05T22:25:22.055099 #95913]  INFO -- : Started GET "/javascripts/application.js" for ::1 at 2017-01-05 22:25:22 +0800
F, [2017-01-05T22:25:22.347529 #95913] FATAL -- : 
ActionController::RoutingError (No route matches [GET] "/stylesheets/application.css"):
  actionpack (4.2.5) lib/action_dispatch/middleware/debug_exceptions.rb:21:in `call'
  actionpack (4.2.5) lib/action_dispatch/middleware/show_exceptions.rb:30:in `call'
  railties (4.2.5) lib/rails/rack/logger.rb:38:in `call_app'
  railties (4.2.5) lib/rails/rack/logger.rb:20:in `block in call'
  activesupport (4.2.5) lib/active_support/tagged_logging.rb:68:in `block in tagged'
  activesupport (4.2.5) lib/active_support/tagged_logging.rb:26:in `tagged'
  activesupport (4.2.5) lib/active_support/tagged_logging.rb:68:in `tagged'
  railties (4.2.5) lib/rails/rack/logger.rb:20:in `call'
  actionpack (4.2.5) lib/action_dispatch/middleware/request_id.rb:21:in `call'
  rack (1.6.4) lib/rack/methodoverride.rb:22:in `call'
  rack (1.6.4) lib/rack/runtime.rb:18:in `call'
  activesupport (4.2.5) lib/active_support/cache/strategy/local_cache_middleware.rb:28:in `call'
  rack (1.6.4) lib/rack/sendfile.rb:113:in `call'
  railties (4.2.5) lib/rails/engine.rb:518:in `call'
  railties (4.2.5) lib/rails/application.rb:165:in `call'
  rack (1.6.4) lib/rack/content_length.rb:15:in `call'
  puma (3.4.0) lib/puma/configuration.rb:224:in `call'
  puma (3.4.0) lib/puma/server.rb:569:in `handle_request'
  puma (3.4.0) lib/puma/server.rb:406:in `process_client'
  puma (3.4.0) lib/puma/server.rb:271:in `block in run'
  puma (3.4.0) lib/puma/thread_pool.rb:114:in `block in spawn_thread'


F, [2017-01-05T22:25:22.348888 #95913] FATAL -- : 
ActionController::RoutingError (No route matches [GET] "/javascripts/application.js"):
  actionpack (4.2.5) lib/action_dispatch/middleware/debug_exceptions.rb:21:in `call'
  actionpack (4.2.5) lib/action_dispatch/middleware/show_exceptions.rb:30:in `call'
  railties (4.2.5) lib/rails/rack/logger.rb:38:in `call_app'
  railties (4.2.5) lib/rails/rack/logger.rb:20:in `block in call'
  activesupport (4.2.5) lib/active_support/tagged_logging.rb:68:in `block in tagged'
  activesupport (4.2.5) lib/active_support/tagged_logging.rb:26:in `tagged'
  activesupport (4.2.5) lib/active_support/tagged_logging.rb:68:in `tagged'
  railties (4.2.5) lib/rails/rack/logger.rb:20:in `call'
  actionpack (4.2.5) lib/action_dispatch/middleware/request_id.rb:21:in `call'
  rack (1.6.4) lib/rack/methodoverride.rb:22:in `call'
  rack (1.6.4) lib/rack/runtime.rb:18:in `call'
  activesupport (4.2.5) lib/active_support/cache/strategy/local_cache_middleware.rb:28:in `call'
  rack (1.6.4) lib/rack/sendfile.rb:113:in `call'
  railties (4.2.5) lib/rails/engine.rb:518:in `call'
  railties (4.2.5) lib/rails/application.rb:165:in `call'
  rack (1.6.4) lib/rack/content_length.rb:15:in `call'
  puma (3.4.0) lib/puma/configuration.rb:224:in `call'
  puma (3.4.0) lib/puma/server.rb:569:in `handle_request'
  puma (3.4.0) lib/puma/server.rb:406:in `process_client'
  puma (3.4.0) lib/puma/server.rb:271:in `block in run'
  puma (3.4.0) lib/puma/thread_pool.rb:114:in `block in spawn_thread'


I, [2017-01-05T22:25:23.548074 #95913]  INFO -- : Started POST "/users/login" for ::1 at 2017-01-05 22:25:23 +0800
I, [2017-01-05T22:25:23.685453 #95913]  INFO -- : Processing by Devise::SessionsController#create as HTML
I, [2017-01-05T22:25:23.685544 #95913]  INFO -- :   Parameters: {"utf8"=>"✓", "authenticity_token"=>"kaD+wfPLOnQamP7Y6VcKgAy4TDUzups/RsSyU5/WS8hozegUNodBHoXmtszjXbxPzPLxV0tHvHF5VAgy+fKpwg==", "user"=>{"username"=>"admin@gmail.com", "password"=>"[FILTERED]", "remember_me"=>"0"}, "commit"=>"Log in"}
D, [2017-01-05T22:25:23.842835 #95913] DEBUG -- :   [1m[35mUser Load (153.4ms)[0m  SELECT  "users".* FROM "users" WHERE "users"."username" = $1  ORDER BY "users"."id" ASC LIMIT 1  [["username", "admin@gmail.com"]]
I, [2017-01-05T22:25:23.843434 #95913]  INFO -- : Completed 401 Unauthorized in 158ms (ActiveRecord: 153.4ms)
I, [2017-01-05T22:25:23.844438 #95913]  INFO -- : Processing by Devise::SessionsController#new as HTML
I, [2017-01-05T22:25:23.844516 #95913]  INFO -- :   Parameters: {"utf8"=>"✓", "authenticity_token"=>"kaD+wfPLOnQamP7Y6VcKgAy4TDUzups/RsSyU5/WS8hozegUNodBHoXmtszjXbxPzPLxV0tHvHF5VAgy+fKpwg==", "user"=>{"username"=>"admin@gmail.com", "password"=>"[FILTERED]", "remember_me"=>"0"}, "commit"=>"Log in"}
I, [2017-01-05T22:25:23.994340 #95913]  INFO -- :   Rendered devise/sessions/new.html.erb within layouts/application (14.1ms)
I, [2017-01-05T22:25:23.995064 #95913]  INFO -- :   Rendered layouts/_footer.html.erb (0.0ms)
I, [2017-01-05T22:25:23.995311 #95913]  INFO -- : Completed 200 OK in 151ms (Views: 15.4ms | ActiveRecord: 0.0ms)
I, [2017-01-05T22:25:24.014242 #95913]  INFO -- : Started GET "/stylesheets/application.css" for ::1 at 2017-01-05 22:25:24 +0800
I, [2017-01-05T22:25:24.014884 #95913]  INFO -- : Started GET "/javascripts/application.js" for ::1 at 2017-01-05 22:25:24 +0800
F, [2017-01-05T22:25:24.070599 #95913] FATAL -- : 
ActionController::RoutingError (No route matches [GET] "/javascripts/application.js"):
  actionpack (4.2.5) lib/action_dispatch/middleware/debug_exceptions.rb:21:in `call'
  actionpack (4.2.5) lib/action_dispatch/middleware/show_exceptions.rb:30:in `call'
  railties (4.2.5) lib/rails/rack/logger.rb:38:in `call_app'
  railties (4.2.5) lib/rails/rack/logger.rb:20:in `block in call'
  activesupport (4.2.5) lib/active_support/tagged_logging.rb:68:in `block in tagged'
  activesupport (4.2.5) lib/active_support/tagged_logging.rb:26:in `tagged'
  activesupport (4.2.5) lib/active_support/tagged_logging.rb:68:in `tagged'
  railties (4.2.5) lib/rails/rack/logger.rb:20:in `call'
  actionpack (4.2.5) lib/action_dispatch/middleware/request_id.rb:21:in `call'
  rack (1.6.4) lib/rack/methodoverride.rb:22:in `call'
  rack (1.6.4) lib/rack/runtime.rb:18:in `call'
  activesupport (4.2.5) lib/active_support/cache/strategy/local_cache_middleware.rb:28:in `call'
  rack (1.6.4) lib/rack/sendfile.rb:113:in `call'
  railties (4.2.5) lib/rails/engine.rb:518:in `call'
  railties (4.2.5) lib/rails/application.rb:165:in `call'
  rack (1.6.4) lib/rack/content_length.rb:15:in `call'
  puma (3.4.0) lib/puma/configuration.rb:224:in `call'
  puma (3.4.0) lib/puma/server.rb:569:in `handle_request'
  puma (3.4.0) lib/puma/server.rb:406:in `process_client'
  puma (3.4.0) lib/puma/server.rb:271:in `block in run'
  puma (3.4.0) lib/puma/thread_pool.rb:114:in `block in spawn_thread'


F, [2017-01-05T22:25:24.086777 #95913] FATAL -- : 
ActionController::RoutingError (No route matches [GET] "/stylesheets/application.css"):
  actionpack (4.2.5) lib/action_dispatch/middleware/debug_exceptions.rb:21:in `call'
  actionpack (4.2.5) lib/action_dispatch/middleware/show_exceptions.rb:30:in `call'
  railties (4.2.5) lib/rails/rack/logger.rb:38:in `call_app'
  railties (4.2.5) lib/rails/rack/logger.rb:20:in `block in call'
  activesupport (4.2.5) lib/active_support/tagged_logging.rb:68:in `block in tagged'
  activesupport (4.2.5) lib/active_support/tagged_logging.rb:26:in `tagged'
  activesupport (4.2.5) lib/active_support/tagged_logging.rb:68:in `tagged'
  railties (4.2.5) lib/rails/rack/logger.rb:20:in `call'
  actionpack (4.2.5) lib/action_dispatch/middleware/request_id.rb:21:in `call'
  rack (1.6.4) lib/rack/methodoverride.rb:22:in `call'
  rack (1.6.4) lib/rack/runtime.rb:18:in `call'
  activesupport (4.2.5) lib/active_support/cache/strategy/local_cache_middleware.rb:28:in `call'
  rack (1.6.4) lib/rack/sendfile.rb:113:in `call'
  railties (4.2.5) lib/rails/engine.rb:518:in `call'
  railties (4.2.5) lib/rails/application.rb:165:in `call'
  rack (1.6.4) lib/rack/content_length.rb:15:in `call'
  puma (3.4.0) lib/puma/configuration.rb:224:in `call'
  puma (3.4.0) lib/puma/server.rb:569:in `handle_request'
  puma (3.4.0) lib/puma/server.rb:406:in `process_client'
  puma (3.4.0) lib/puma/server.rb:271:in `block in run'
  puma (3.4.0) lib/puma/thread_pool.rb:114:in `block in spawn_thread'


I, [2017-01-05T22:25:38.041460 #95913]  INFO -- : Started GET "/users/sign_up" for ::1 at 2017-01-05 22:25:38 +0800
I, [2017-01-05T22:25:38.068592 #95913]  INFO -- : Processing by Devise::RegistrationsController#new as HTML
I, [2017-01-05T22:25:38.094606 #95913]  INFO -- :   Rendered devise/registrations/new.html.erb within layouts/application (18.3ms)
I, [2017-01-05T22:25:38.095445 #95913]  INFO -- :   Rendered layouts/_footer.html.erb (0.0ms)
I, [2017-01-05T22:25:38.095660 #95913]  INFO -- : Completed 200 OK in 27ms (Views: 25.9ms | ActiveRecord: 0.0ms)
I, [2017-01-05T22:25:38.110190 #95913]  INFO -- : Started GET "/stylesheets/application.css" for ::1 at 2017-01-05 22:25:38 +0800
I, [2017-01-05T22:25:38.111009 #95913]  INFO -- : Started GET "/javascripts/application.js" for ::1 at 2017-01-05 22:25:38 +0800
F, [2017-01-05T22:25:38.142134 #95913] FATAL -- : 
ActionController::RoutingError (No route matches [GET] "/stylesheets/application.css"):
  actionpack (4.2.5) lib/action_dispatch/middleware/debug_exceptions.rb:21:in `call'
  actionpack (4.2.5) lib/action_dispatch/middleware/show_exceptions.rb:30:in `call'
  railties (4.2.5) lib/rails/rack/logger.rb:38:in `call_app'
  railties (4.2.5) lib/rails/rack/logger.rb:20:in `block in call'
  activesupport (4.2.5) lib/active_support/tagged_logging.rb:68:in `block in tagged'
  activesupport (4.2.5) lib/active_support/tagged_logging.rb:26:in `tagged'
  activesupport (4.2.5) lib/active_support/tagged_logging.rb:68:in `tagged'
  railties (4.2.5) lib/rails/rack/logger.rb:20:in `call'
  actionpack (4.2.5) lib/action_dispatch/middleware/request_id.rb:21:in `call'
  rack (1.6.4) lib/rack/methodoverride.rb:22:in `call'
  rack (1.6.4) lib/rack/runtime.rb:18:in `call'
  activesupport (4.2.5) lib/active_support/cache/strategy/local_cache_middleware.rb:28:in `call'
  rack (1.6.4) lib/rack/sendfile.rb:113:in `call'
  railties (4.2.5) lib/rails/engine.rb:518:in `call'
  railties (4.2.5) lib/rails/application.rb:165:in `call'
  rack (1.6.4) lib/rack/content_length.rb:15:in `call'
  puma (3.4.0) lib/puma/configuration.rb:224:in `call'
  puma (3.4.0) lib/puma/server.rb:569:in `handle_request'
  puma (3.4.0) lib/puma/server.rb:406:in `process_client'
  puma (3.4.0) lib/puma/server.rb:271:in `block in run'
  puma (3.4.0) lib/puma/thread_pool.rb:114:in `block in spawn_thread'


F, [2017-01-05T22:25:38.167600 #95913] FATAL -- : 
ActionController::RoutingError (No route matches [GET] "/javascripts/application.js"):
  actionpack (4.2.5) lib/action_dispatch/middleware/debug_exceptions.rb:21:in `call'
  actionpack (4.2.5) lib/action_dispatch/middleware/show_exceptions.rb:30:in `call'
  railties (4.2.5) lib/rails/rack/logger.rb:38:in `call_app'
  railties (4.2.5) lib/rails/rack/logger.rb:20:in `block in call'
  activesupport (4.2.5) lib/active_support/tagged_logging.rb:68:in `block in tagged'
  activesupport (4.2.5) lib/active_support/tagged_logging.rb:26:in `tagged'
  activesupport (4.2.5) lib/active_support/tagged_logging.rb:68:in `tagged'
  railties (4.2.5) lib/rails/rack/logger.rb:20:in `call'
  actionpack (4.2.5) lib/action_dispatch/middleware/request_id.rb:21:in `call'
  rack (1.6.4) lib/rack/methodoverride.rb:22:in `call'
  rack (1.6.4) lib/rack/runtime.rb:18:in `call'
  activesupport (4.2.5) lib/active_support/cache/strategy/local_cache_middleware.rb:28:in `call'
  rack (1.6.4) lib/rack/sendfile.rb:113:in `call'
  railties (4.2.5) lib/rails/engine.rb:518:in `call'
  railties (4.2.5) lib/rails/application.rb:165:in `call'
  rack (1.6.4) lib/rack/content_length.rb:15:in `call'
  puma (3.4.0) lib/puma/configuration.rb:224:in `call'
  puma (3.4.0) lib/puma/server.rb:569:in `handle_request'
  puma (3.4.0) lib/puma/server.rb:406:in `process_client'
  puma (3.4.0) lib/puma/server.rb:271:in `block in run'
  puma (3.4.0) lib/puma/thread_pool.rb:114:in `block in spawn_thread'


I, [2017-01-05T22:25:56.158323 #95913]  INFO -- : Started POST "/users" for ::1 at 2017-01-05 22:25:56 +0800
I, [2017-01-05T22:25:56.184796 #95913]  INFO -- : Processing by Devise::RegistrationsController#create as HTML
I, [2017-01-05T22:25:56.184886 #95913]  INFO -- :   Parameters: {"utf8"=>"✓", "authenticity_token"=>"YFDlJ0NcyXGw6d3sh44z02TI5qW3J3Wum6Z2P96zt4yZPfPyhhCyGy+XlfiNhIUcpIJbx8/aUuCkNsxeuJdVhg==", "user"=>{"email"=>"admin@gmail.com", "username"=>"admin", "password"=>"[FILTERED]", "password_confirmation"=>"[FILTERED]"}, "commit"=>"Sign up"}
D, [2017-01-05T22:25:56.350322 #95913] DEBUG -- :   [1m[36m (25.2ms)[0m  [1mBEGIN[0m
D, [2017-01-05T22:25:56.381871 #95913] DEBUG -- :   [1m[35mUser Exists (24.9ms)[0m  SELECT  1 AS one FROM "users" WHERE "users"."email" = 'admin@gmail.com' LIMIT 1
D, [2017-01-05T22:25:56.440605 #95913] DEBUG -- :   [1m[36mSQL (32.6ms)[0m  [1mINSERT INTO "users" ("email", "encrypted_password", "username", "created_at", "updated_at") VALUES ($1, $2, $3, $4, $5) RETURNING "id"[0m  [["email", "admin@gmail.com"], ["encrypted_password", "$2a$11$CMYBlI52y4Cr7Ajwqb7FpO9vW9WBRa3OM1TtvoSLaxI4yTmqDghHi"], ["username", "admin"], ["created_at", "2017-01-05 14:25:56.382338"], ["updated_at", "2017-01-05 14:25:56.382338"]]
D, [2017-01-05T22:25:56.466363 #95913] DEBUG -- :   [1m[35m (24.9ms)[0m  COMMIT
D, [2017-01-05T22:25:56.492412 #95913] DEBUG -- :   [1m[36m (23.8ms)[0m  [1mBEGIN[0m
D, [2017-01-05T22:25:56.545006 #95913] DEBUG -- :   [1m[35mSQL (25.7ms)[0m  UPDATE "users" SET "last_sign_in_at" = $1, "current_sign_in_at" = $2, "last_sign_in_ip" = $3, "current_sign_in_ip" = $4, "sign_in_count" = $5, "updated_at" = $6 WHERE "users"."id" = $7  [["last_sign_in_at", "2017-01-05 14:25:56.467301"], ["current_sign_in_at", "2017-01-05 14:25:56.467301"], ["last_sign_in_ip", "::1/128"], ["current_sign_in_ip", "::1/128"], ["sign_in_count", 1], ["updated_at", "2017-01-05 14:25:56.492634"], ["id", 1]]
D, [2017-01-05T22:25:56.571782 #95913] DEBUG -- :   [1m[36m (26.3ms)[0m  [1mCOMMIT[0m
I, [2017-01-05T22:25:56.579558 #95913]  INFO -- : Redirected to http://localhost:3000/
I, [2017-01-05T22:25:56.579696 #95913]  INFO -- : Completed 302 Found in 395ms (ActiveRecord: 183.3ms)
I, [2017-01-05T22:25:56.584133 #95913]  INFO -- : Started GET "/" for ::1 at 2017-01-05 22:25:56 +0800
I, [2017-01-05T22:25:56.610342 #95913]  INFO -- : Processing by HomeController#index as HTML
D, [2017-01-05T22:25:56.687074 #95913] DEBUG -- :   [1m[35mUser Load (25.4ms)[0m  SELECT  "users".* FROM "users" WHERE "users"."id" = $1  ORDER BY "users"."id" ASC LIMIT 1  [["id", 1]]
I, [2017-01-05T22:25:56.697447 #95913]  INFO -- :   Rendered home/index.html.erb within layouts/application (0.3ms)
I, [2017-01-05T22:25:56.699784 #95913]  INFO -- :   Rendered layouts/_navigation.html.erb (0.7ms)
I, [2017-01-05T22:25:56.700004 #95913]  INFO -- :   Rendered layouts/_footer.html.erb (0.0ms)
I, [2017-01-05T22:25:56.700172 #95913]  INFO -- : Completed 200 OK in 90ms (Views: 8.9ms | ActiveRecord: 50.4ms)
I, [2017-01-05T22:25:56.712674 #95913]  INFO -- : Started GET "/stylesheets/application.css" for ::1 at 2017-01-05 22:25:56 +0800
I, [2017-01-05T22:25:56.713584 #95913]  INFO -- : Started GET "/javascripts/application.js" for ::1 at 2017-01-05 22:25:56 +0800
F, [2017-01-05T22:25:56.774990 #95913] FATAL -- : 
ActionController::RoutingError (No route matches [GET] "/stylesheets/application.css"):
  actionpack (4.2.5) lib/action_dispatch/middleware/debug_exceptions.rb:21:in `call'
  actionpack (4.2.5) lib/action_dispatch/middleware/show_exceptions.rb:30:in `call'
  railties (4.2.5) lib/rails/rack/logger.rb:38:in `call_app'
  railties (4.2.5) lib/rails/rack/logger.rb:20:in `block in call'
  activesupport (4.2.5) lib/active_support/tagged_logging.rb:68:in `block in tagged'
  activesupport (4.2.5) lib/active_support/tagged_logging.rb:26:in `tagged'
  activesupport (4.2.5) lib/active_support/tagged_logging.rb:68:in `tagged'
  railties (4.2.5) lib/rails/rack/logger.rb:20:in `call'
  actionpack (4.2.5) lib/action_dispatch/middleware/request_id.rb:21:in `call'
  rack (1.6.4) lib/rack/methodoverride.rb:22:in `call'
  rack (1.6.4) lib/rack/runtime.rb:18:in `call'
  activesupport (4.2.5) lib/active_support/cache/strategy/local_cache_middleware.rb:28:in `call'
  rack (1.6.4) lib/rack/sendfile.rb:113:in `call'
  railties (4.2.5) lib/rails/engine.rb:518:in `call'
  railties (4.2.5) lib/rails/application.rb:165:in `call'
  rack (1.6.4) lib/rack/content_length.rb:15:in `call'
  puma (3.4.0) lib/puma/configuration.rb:224:in `call'
  puma (3.4.0) lib/puma/server.rb:569:in `handle_request'
  puma (3.4.0) lib/puma/server.rb:406:in `process_client'
  puma (3.4.0) lib/puma/server.rb:271:in `block in run'
  puma (3.4.0) lib/puma/thread_pool.rb:114:in `block in spawn_thread'


F, [2017-01-05T22:25:56.775397 #95913] FATAL -- : 
ActionController::RoutingError (No route matches [GET] "/javascripts/application.js"):
  actionpack (4.2.5) lib/action_dispatch/middleware/debug_exceptions.rb:21:in `call'
  actionpack (4.2.5) lib/action_dispatch/middleware/show_exceptions.rb:30:in `call'
  railties (4.2.5) lib/rails/rack/logger.rb:38:in `call_app'
  railties (4.2.5) lib/rails/rack/logger.rb:20:in `block in call'
  activesupport (4.2.5) lib/active_support/tagged_logging.rb:68:in `block in tagged'
  activesupport (4.2.5) lib/active_support/tagged_logging.rb:26:in `tagged'
  activesupport (4.2.5) lib/active_support/tagged_logging.rb:68:in `tagged'
  railties (4.2.5) lib/rails/rack/logger.rb:20:in `call'
  actionpack (4.2.5) lib/action_dispatch/middleware/request_id.rb:21:in `call'
  rack (1.6.4) lib/rack/methodoverride.rb:22:in `call'
  rack (1.6.4) lib/rack/runtime.rb:18:in `call'
  activesupport (4.2.5) lib/active_support/cache/strategy/local_cache_middleware.rb:28:in `call'
  rack (1.6.4) lib/rack/sendfile.rb:113:in `call'
  railties (4.2.5) lib/rails/engine.rb:518:in `call'
  railties (4.2.5) lib/rails/application.rb:165:in `call'
  rack (1.6.4) lib/rack/content_length.rb:15:in `call'
  puma (3.4.0) lib/puma/configuration.rb:224:in `call'
  puma (3.4.0) lib/puma/server.rb:569:in `handle_request'
  puma (3.4.0) lib/puma/server.rb:406:in `process_client'
  puma (3.4.0) lib/puma/server.rb:271:in `block in run'
  puma (3.4.0) lib/puma/thread_pool.rb:114:in `block in spawn_thread'


I, [2017-01-05T22:42:03.952078 #95913]  INFO -- : Started GET "/" for ::1 at 2017-01-05 22:42:03 +0800
I, [2017-01-05T22:42:09.577135 #95913]  INFO -- : Started GET "/users/edit" for ::1 at 2017-01-05 22:42:09 +0800
I, [2017-01-05T22:42:10.394606 #95913]  INFO -- : Started GET "/users/logout" for ::1 at 2017-01-05 22:42:10 +0800
I, [2017-01-05T22:42:23.913224 #95913]  INFO -- : Started GET "/" for ::1 at 2017-01-05 22:42:23 +0800
I, [2017-01-05T22:42:24.442135 #95913]  INFO -- : Started GET "/" for ::1 at 2017-01-05 22:42:24 +0800
I, [2017-01-05T22:42:43.269792 #95913]  INFO -- : Processing by Devise::RegistrationsController#edit as HTML
D, [2017-01-05T22:42:43.555704 #95913] DEBUG -- :   [1m[36mUser Load (147.9ms)[0m  [1mSELECT  "users".* FROM "users" WHERE "users"."id" = $1  ORDER BY "users"."id" ASC LIMIT 1[0m  [["id", 1]]
I, [2017-01-05T22:43:34.012421 #95913]  INFO -- : Processing by HomeController#index as HTML
D, [2017-01-05T22:43:34.090450 #95913] DEBUG -- :   [1m[35mUser Load (25.4ms)[0m  SELECT  "users".* FROM "users" WHERE "users"."id" = $1  ORDER BY "users"."id" ASC LIMIT 1  [["id", 1]]
I, [2017-01-05T22:43:34.444433 #95913]  INFO -- : Processing by HomeController#index as HTML
I, [2017-01-05T22:43:34.480736 #95913]  INFO -- :   Rendered devise/registrations/edit.html.erb within layouts/application (34.6ms)
I, [2017-01-05T22:43:34.482119 #95913]  INFO -- :   Rendered layouts/_navigation.html.erb (0.2ms)
I, [2017-01-05T22:43:34.482515 #95913]  INFO -- :   Rendered layouts/_footer.html.erb (0.0ms)
D, [2017-01-05T22:43:34.533255 #95913] DEBUG -- :   [1m[36mUser Load (25.5ms)[0m  [1mSELECT  "users".* FROM "users" WHERE "users"."id" = $1  ORDER BY "users"."id" ASC LIMIT 1[0m  [["id", 1]]
F, [2017-01-05T22:43:34.774786 #95913] FATAL -- : 
PG::UnableToSend (SSL SYSCALL error: EOF detected
):
  activerecord (4.2.5) lib/active_record/connection_adapters/postgresql_adapter.rb:215:in `exec'
  activerecord (4.2.5) lib/active_record/connection_adapters/postgresql_adapter.rb:215:in `dealloc'
  activerecord (4.2.5) lib/active_record/connection_adapters/postgresql_adapter.rb:198:in `block in clear'
  activerecord (4.2.5) lib/active_record/connection_adapters/postgresql_adapter.rb:197:in `each_value'
  activerecord (4.2.5) lib/active_record/connection_adapters/postgresql_adapter.rb:197:in `clear'
  activerecord (4.2.5) lib/active_record/connection_adapters/postgresql_adapter.rb:258:in `clear_cache!'
  activerecord (4.2.5) lib/active_record/connection_adapters/abstract_adapter.rb:291:in `reconnect!'
  activerecord (4.2.5) lib/active_record/connection_adapters/postgresql_adapter.rb:275:in `reconnect!'
  activerecord (4.2.5) lib/active_record/connection_adapters/abstract_adapter.rb:328:in `verify!'
  activerecord (4.2.5) lib/active_record/connection_adapters/abstract/connection_pool.rb:456:in `block in checkout_and_verify'
  activesupport (4.2.5) lib/active_support/callbacks.rb:88:in `__run_callbacks__'
  activesupport (4.2.5) lib/active_support/callbacks.rb:778:in `_run_checkout_callbacks'
  activerecord (4.2.5) lib/active_record/connection_adapters/abstract/connection_pool.rb:455:in `checkout_and_verify'
  activerecord (4.2.5) lib/active_record/connection_adapters/abstract/connection_pool.rb:351:in `block in checkout'
  /Users/weldontim/.rvm/rubies/ruby-2.3.1/lib/ruby/2.3.0/monitor.rb:214:in `mon_synchronize'
  activerecord (4.2.5) lib/active_record/connection_adapters/abstract/connection_pool.rb:348:in `checkout'
  activerecord (4.2.5) lib/active_record/connection_adapters/abstract/connection_pool.rb:263:in `block in connection'
  /Users/weldontim/.rvm/rubies/ruby-2.3.1/lib/ruby/2.3.0/monitor.rb:214:in `mon_synchronize'
  activerecord (4.2.5) lib/active_record/connection_adapters/abstract/connection_pool.rb:262:in `connection'
  activerecord (4.2.5) lib/active_record/connection_adapters/abstract/connection_pool.rb:571:in `retrieve_connection'
  activerecord (4.2.5) lib/active_record/connection_handling.rb:113:in `retrieve_connection'
  activerecord (4.2.5) lib/active_record/connection_handling.rb:87:in `connection'
  activerecord (4.2.5) lib/active_record/query_cache.rb:31:in `call'
  activerecord (4.2.5) lib/active_record/connection_adapters/abstract/connection_pool.rb:653:in `call'
  actionpack (4.2.5) lib/action_dispatch/middleware/callbacks.rb:29:in `block in call'
  activesupport (4.2.5) lib/active_support/callbacks.rb:88:in `__run_callbacks__'
  activesupport (4.2.5) lib/active_support/callbacks.rb:778:in `_run_call_callbacks'
  activesupport (4.2.5) lib/active_support/callbacks.rb:81:in `run_callbacks'
  actionpack (4.2.5) lib/action_dispatch/middleware/callbacks.rb:27:in `call'
  actionpack (4.2.5) lib/action_dispatch/middleware/remote_ip.rb:78:in `call'
  actionpack (4.2.5) lib/action_dispatch/middleware/debug_exceptions.rb:17:in `call'
  actionpack (4.2.5) lib/action_dispatch/middleware/show_exceptions.rb:30:in `call'
  railties (4.2.5) lib/rails/rack/logger.rb:38:in `call_app'
  railties (4.2.5) lib/rails/rack/logger.rb:20:in `block in call'
  activesupport (4.2.5) lib/active_support/tagged_logging.rb:68:in `block in tagged'
  activesupport (4.2.5) lib/active_support/tagged_logging.rb:26:in `tagged'
  activesupport (4.2.5) lib/active_support/tagged_logging.rb:68:in `tagged'
  railties (4.2.5) lib/rails/rack/logger.rb:20:in `call'
  actionpack (4.2.5) lib/action_dispatch/middleware/request_id.rb:21:in `call'
  rack (1.6.4) lib/rack/methodoverride.rb:22:in `call'
  rack (1.6.4) lib/rack/runtime.rb:18:in `call'
  activesupport (4.2.5) lib/active_support/cache/strategy/local_cache_middleware.rb:28:in `call'
  rack (1.6.4) lib/rack/sendfile.rb:113:in `call'
  railties (4.2.5) lib/rails/engine.rb:518:in `call'
  railties (4.2.5) lib/rails/application.rb:165:in `call'
  rack (1.6.4) lib/rack/content_length.rb:15:in `call'
  puma (3.4.0) lib/puma/configuration.rb:224:in `call'
  puma (3.4.0) lib/puma/server.rb:569:in `handle_request'
  puma (3.4.0) lib/puma/server.rb:406:in `process_client'
  puma (3.4.0) lib/puma/server.rb:271:in `block in run'
  puma (3.4.0) lib/puma/thread_pool.rb:114:in `block in spawn_thread'


I, [2017-01-05T22:43:34.776046 #95913]  INFO -- :   Rendered home/index.html.erb within layouts/application (0.0ms)
I, [2017-01-05T22:43:34.776868 #95913]  INFO -- :   Rendered layouts/_navigation.html.erb (0.3ms)
I, [2017-01-05T22:43:34.777117 #95913]  INFO -- :   Rendered layouts/_footer.html.erb (0.0ms)
I, [2017-01-05T22:43:34.777767 #95913]  INFO -- : Completed 200 OK in 51508ms (Views: 44.3ms | ActiveRecord: 251.2ms)
I, [2017-01-05T22:43:34.779447 #95913]  INFO -- :   Rendered home/index.html.erb within layouts/application (0.1ms)
F, [2017-01-05T22:43:34.780618 #95913] FATAL -- : 
PG::UnableToSend (SSL SYSCALL error: EOF detected
):
  activerecord (4.2.5) lib/active_record/connection_adapters/postgresql_adapter.rb:215:in `exec'
  activerecord (4.2.5) lib/active_record/connection_adapters/postgresql_adapter.rb:215:in `dealloc'
  activerecord (4.2.5) lib/active_record/connection_adapters/postgresql_adapter.rb:198:in `block in clear'
  activerecord (4.2.5) lib/active_record/connection_adapters/postgresql_adapter.rb:197:in `each_value'
  activerecord (4.2.5) lib/active_record/connection_adapters/postgresql_adapter.rb:197:in `clear'
  activerecord (4.2.5) lib/active_record/connection_adapters/postgresql_adapter.rb:258:in `clear_cache!'
  activerecord (4.2.5) lib/active_record/connection_adapters/abstract_adapter.rb:291:in `reconnect!'
  activerecord (4.2.5) lib/active_record/connection_adapters/postgresql_adapter.rb:275:in `reconnect!'
  activerecord (4.2.5) lib/active_record/connection_adapters/abstract_adapter.rb:328:in `verify!'
  activerecord (4.2.5) lib/active_record/connection_adapters/abstract/connection_pool.rb:456:in `block in checkout_and_verify'
  activesupport (4.2.5) lib/active_support/callbacks.rb:88:in `__run_callbacks__'
  activesupport (4.2.5) lib/active_support/callbacks.rb:778:in `_run_checkout_callbacks'
  activerecord (4.2.5) lib/active_record/connection_adapters/abstract/connection_pool.rb:455:in `checkout_and_verify'
  activerecord (4.2.5) lib/active_record/connection_adapters/abstract/connection_pool.rb:351:in `block in checkout'
  /Users/weldontim/.rvm/rubies/ruby-2.3.1/lib/ruby/2.3.0/monitor.rb:214:in `mon_synchronize'
  activerecord (4.2.5) lib/active_record/connection_adapters/abstract/connection_pool.rb:348:in `checkout'
  activerecord (4.2.5) lib/active_record/connection_adapters/abstract/connection_pool.rb:263:in `block in connection'
  /Users/weldontim/.rvm/rubies/ruby-2.3.1/lib/ruby/2.3.0/monitor.rb:214:in `mon_synchronize'
  activerecord (4.2.5) lib/active_record/connection_adapters/abstract/connection_pool.rb:262:in `connection'
  activerecord (4.2.5) lib/active_record/connection_adapters/abstract/connection_pool.rb:571:in `retrieve_connection'
  activerecord (4.2.5) lib/active_record/connection_handling.rb:113:in `retrieve_connection'
  activerecord (4.2.5) lib/active_record/connection_handling.rb:87:in `connection'
  activerecord (4.2.5) lib/active_record/query_cache.rb:31:in `call'
  activerecord (4.2.5) lib/active_record/connection_adapters/abstract/connection_pool.rb:653:in `call'
  actionpack (4.2.5) lib/action_dispatch/middleware/callbacks.rb:29:in `block in call'
  activesupport (4.2.5) lib/active_support/callbacks.rb:88:in `__run_callbacks__'
  activesupport (4.2.5) lib/active_support/callbacks.rb:778:in `_run_call_callbacks'
  activesupport (4.2.5) lib/active_support/callbacks.rb:81:in `run_callbacks'
  actionpack (4.2.5) lib/action_dispatch/middleware/callbacks.rb:27:in `call'
  actionpack (4.2.5) lib/action_dispatch/middleware/remote_ip.rb:78:in `call'
  actionpack (4.2.5) lib/action_dispatch/middleware/debug_exceptions.rb:17:in `call'
  actionpack (4.2.5) lib/action_dispatch/middleware/show_exceptions.rb:30:in `call'
  railties (4.2.5) lib/rails/rack/logger.rb:38:in `call_app'
  railties (4.2.5) lib/rails/rack/logger.rb:20:in `block in call'
  activesupport (4.2.5) lib/active_support/tagged_logging.rb:68:in `block in tagged'
  activesupport (4.2.5) lib/active_support/tagged_logging.rb:26:in `tagged'
  activesupport (4.2.5) lib/active_support/tagged_logging.rb:68:in `tagged'
  railties (4.2.5) lib/rails/rack/logger.rb:20:in `call'
  actionpack (4.2.5) lib/action_dispatch/middleware/request_id.rb:21:in `call'
  rack (1.6.4) lib/rack/methodoverride.rb:22:in `call'
  rack (1.6.4) lib/rack/runtime.rb:18:in `call'
  activesupport (4.2.5) lib/active_support/cache/strategy/local_cache_middleware.rb:28:in `call'
  rack (1.6.4) lib/rack/sendfile.rb:113:in `call'
  railties (4.2.5) lib/rails/engine.rb:518:in `call'
  railties (4.2.5) lib/rails/application.rb:165:in `call'
  rack (1.6.4) lib/rack/content_length.rb:15:in `call'
  puma (3.4.0) lib/puma/configuration.rb:224:in `call'
  puma (3.4.0) lib/puma/server.rb:569:in `handle_request'
  puma (3.4.0) lib/puma/server.rb:406:in `process_client'
  puma (3.4.0) lib/puma/server.rb:271:in `block in run'
  puma (3.4.0) lib/puma/thread_pool.rb:114:in `block in spawn_thread'


I, [2017-01-05T22:43:34.781450 #95913]  INFO -- :   Rendered layouts/_navigation.html.erb (0.2ms)
I, [2017-01-05T22:43:34.781625 #95913]  INFO -- : Completed 200 OK in 769ms (Views: 2.0ms | ActiveRecord: 49.8ms)
I, [2017-01-05T22:43:34.782405 #95913]  INFO -- :   Rendered layouts/_footer.html.erb (0.0ms)
I, [2017-01-05T22:43:34.783225 #95913]  INFO -- : Completed 200 OK in 339ms (Views: 4.1ms | ActiveRecord: 63.0ms)
I, [2017-01-05T22:43:34.791309 #95913]  INFO -- : Started GET "/stylesheets/application.css" for ::1 at 2017-01-05 22:43:34 +0800
I, [2017-01-05T22:43:34.793571 #95913]  INFO -- : Started GET "/javascripts/application.js" for ::1 at 2017-01-05 22:43:34 +0800
F, [2017-01-05T22:43:34.841966 #95913] FATAL -- : 
ActionController::RoutingError (No route matches [GET] "/stylesheets/application.css"):
  actionpack (4.2.5) lib/action_dispatch/middleware/debug_exceptions.rb:21:in `call'
  actionpack (4.2.5) lib/action_dispatch/middleware/show_exceptions.rb:30:in `call'
  railties (4.2.5) lib/rails/rack/logger.rb:38:in `call_app'
  railties (4.2.5) lib/rails/rack/logger.rb:20:in `block in call'
  activesupport (4.2.5) lib/active_support/tagged_logging.rb:68:in `block in tagged'
  activesupport (4.2.5) lib/active_support/tagged_logging.rb:26:in `tagged'
  activesupport (4.2.5) lib/active_support/tagged_logging.rb:68:in `tagged'
  railties (4.2.5) lib/rails/rack/logger.rb:20:in `call'
  actionpack (4.2.5) lib/action_dispatch/middleware/request_id.rb:21:in `call'
  rack (1.6.4) lib/rack/methodoverride.rb:22:in `call'
  rack (1.6.4) lib/rack/runtime.rb:18:in `call'
  activesupport (4.2.5) lib/active_support/cache/strategy/local_cache_middleware.rb:28:in `call'
  rack (1.6.4) lib/rack/sendfile.rb:113:in `call'
  railties (4.2.5) lib/rails/engine.rb:518:in `call'
  railties (4.2.5) lib/rails/application.rb:165:in `call'
  rack (1.6.4) lib/rack/content_length.rb:15:in `call'
  puma (3.4.0) lib/puma/configuration.rb:224:in `call'
  puma (3.4.0) lib/puma/server.rb:569:in `handle_request'
  puma (3.4.0) lib/puma/server.rb:406:in `process_client'
  puma (3.4.0) lib/puma/server.rb:271:in `block in run'
  puma (3.4.0) lib/puma/thread_pool.rb:114:in `block in spawn_thread'


F, [2017-01-05T22:43:34.843087 #95913] FATAL -- : 
ActionController::RoutingError (No route matches [GET] "/javascripts/application.js"):
  actionpack (4.2.5) lib/action_dispatch/middleware/debug_exceptions.rb:21:in `call'
  actionpack (4.2.5) lib/action_dispatch/middleware/show_exceptions.rb:30:in `call'
  railties (4.2.5) lib/rails/rack/logger.rb:38:in `call_app'
  railties (4.2.5) lib/rails/rack/logger.rb:20:in `block in call'
  activesupport (4.2.5) lib/active_support/tagged_logging.rb:68:in `block in tagged'
  activesupport (4.2.5) lib/active_support/tagged_logging.rb:26:in `tagged'
  activesupport (4.2.5) lib/active_support/tagged_logging.rb:68:in `tagged'
  railties (4.2.5) lib/rails/rack/logger.rb:20:in `call'
  actionpack (4.2.5) lib/action_dispatch/middleware/request_id.rb:21:in `call'
  rack (1.6.4) lib/rack/methodoverride.rb:22:in `call'
  rack (1.6.4) lib/rack/runtime.rb:18:in `call'
  activesupport (4.2.5) lib/active_support/cache/strategy/local_cache_middleware.rb:28:in `call'
  rack (1.6.4) lib/rack/sendfile.rb:113:in `call'
  railties (4.2.5) lib/rails/engine.rb:518:in `call'
  railties (4.2.5) lib/rails/application.rb:165:in `call'
  rack (1.6.4) lib/rack/content_length.rb:15:in `call'
  puma (3.4.0) lib/puma/configuration.rb:224:in `call'
  puma (3.4.0) lib/puma/server.rb:569:in `handle_request'
  puma (3.4.0) lib/puma/server.rb:406:in `process_client'
  puma (3.4.0) lib/puma/server.rb:271:in `block in run'
  puma (3.4.0) lib/puma/thread_pool.rb:114:in `block in spawn_thread'


